#
# There is insufficient memory for the Java Runtime Environment to continue.
# Native memory allocation (malloc) failed to allocate 536336 bytes for Chunk::new
# Possible reasons:
#   The system is out of physical RAM or swap space
#   The process is running with CompressedOops enabled, and the Java Heap may be blocking the growth of the native heap
# Possible solutions:
#   Reduce memory load on the system
#   Increase physical memory or swap space
#   Check if swap backing store is full
#   Decrease Java heap size (-Xmx/-Xms)
#   Decrease number of Java threads
#   Decrease Java thread stack sizes (-Xss)
#   Set larger code cache with -XX:ReservedCodeCacheSize=
#   JVM is running with Unscaled Compressed Oops mode in which the Java heap is
#     placed in the first 4GB address space. The Java Heap base address is the
#     maximum limit for the native heap growth. Please use -XX:HeapBaseMinAddress
#     to set the Java Heap base and to place the Java Heap above 4GB virtual address.
# This output file may be truncated or incomplete.
#
#  Out of Memory Error (arena.cpp:189), pid=1328, tid=8808
#
# JRE version: OpenJDK Runtime Environment (17.0.7) (build 17.0.7+0-b2043.56-10550314)
# Java VM: OpenJDK 64-Bit Server VM (17.0.7+0-b2043.56-10550314, mixed mode, tiered, compressed oops, compressed class ptrs, g1 gc, windows-amd64)
# No core dump will be written. Minidumps are not enabled by default on client versions of Windows
#

---------------  S U M M A R Y ------------

Command Line: --add-opens=java.base/java.util=ALL-UNNAMED --add-opens=java.base/java.lang=ALL-UNNAMED --add-opens=java.base/java.lang.invoke=ALL-UNNAMED --add-opens=java.prefs/java.util.prefs=ALL-UNNAMED --add-opens=java.base/java.nio.charset=ALL-UNNAMED --add-opens=java.base/java.net=ALL-UNNAMED --add-opens=java.base/java.util.concurrent.atomic=ALL-UNNAMED -Xmx2048m -Dfile.encoding=UTF-8 -Duser.country=RU -Duser.language=ru -Duser.variant -javaagent:C:\Users\android_studio\.gradle\wrapper\dists\gradle-8.2-bin\bbg7u40eoinfdyxsxr3z4i7ta\gradle-8.2\lib\agents\gradle-instrumentation-agent-8.2.jar org.gradle.launcher.daemon.bootstrap.GradleDaemon 8.2

Host: Intel(R) Core(TM) i7-9700 CPU @ 3.00GHz, 8 cores, 15G,  Windows 10 , 64 bit Build 17763 (10.0.17763.4974)
Time: Wed Dec 18 11:00:36 2024 ќмское стандартное врем€ elapsed time: 163.416220 seconds (0d 0h 2m 43s)

---------------  T H R E A D  ---------------

Current thread (0x000001d8d5c115b0):  JavaThread "C2 CompilerThread0" daemon [_thread_in_native, id=8808, stack(0x0000005cc9b00000,0x0000005cc9c00000)]


Current CompileTask:
C2: 163416 16488       4       org.gradle.internal.service.DefaultServiceRegistry$ClassInspector::hasAnnotation (10 bytes)

Stack: [0x0000005cc9b00000,0x0000005cc9c00000]
Native frames: (J=compiled Java code, j=interpreted, Vv=VM code, C=native code)
V  [jvm.dll+0x683bfa]
V  [jvm.dll+0x8430a4]
V  [jvm.dll+0x8449be]
V  [jvm.dll+0x845023]
V  [jvm.dll+0x24ad2f]
V  [jvm.dll+0xac25c]
V  [jvm.dll+0xac82c]
V  [jvm.dll+0x36a132]
V  [jvm.dll+0x334821]
V  [jvm.dll+0x333cca]
V  [jvm.dll+0x21d251]
V  [jvm.dll+0x21c671]
V  [jvm.dll+0x1a605d]
V  [jvm.dll+0x22c148]
V  [jvm.dll+0x22a209]
V  [jvm.dll+0x7f858c]
V  [jvm.dll+0x7f2aea]
V  [jvm.dll+0x682a35]
C  [ucrtbase.dll+0x2268a]
C  [KERNEL32.DLL+0x17ac4]
C  [ntdll.dll+0x5a4e1]


---------------  P R O C E S S  ---------------

Threads class SMR info:
_java_thread_list=0x000001d8e638cb30, length=57, elements={
0x000001d8b9c165c0, 0x000001d8d5bd2610, 0x000001d8d5bd4c80, 0x000001d8d5c0ae90,
0x000001d8d5c0bab0, 0x000001d8d5c0c660, 0x000001d8d5c10130, 0x000001d8d5c115b0,
0x000001d8d5c11fa0, 0x000001d8d5c12990, 0x000001d8d5d1d640, 0x000001d8d5e9c610,
0x000001d8db6e6c40, 0x000001d8dc38afd0, 0x000001d8db711340, 0x000001d8daae75f0,
0x000001d8daae7f90, 0x000001d8daae8460, 0x000001d8daae4f70, 0x000001d8daae5440,
0x000001d8daae62b0, 0x000001d8dd37ad00, 0x000001d8dd3769a0, 0x000001d8dd376000,
0x000001d8dd378680, 0x000001d8dd377340, 0x000001d8dd37c040, 0x000001d8dd377810,
0x000001d8dd37ceb0, 0x000001d8dd379020, 0x000001d8dd379e90, 0x000001d8dfbbde40,
0x000001d8dd035340, 0x000001d8dd034000, 0x000001d8dd0344d0, 0x000001d8dd0349a0,
0x000001d8df6cc080, 0x000001d8df6c9a00, 0x000001d8dbb393b0, 0x000001d8df6c9ed0,
0x000001d8dcdbb540, 0x000001d8e0e99a80, 0x000001d8dcdbc3b0, 0x000001d8dd033b30,
0x000001d8e69b5860, 0x000001d8e69b83b0, 0x000001d8e69b7070, 0x000001d8e69b7ee0,
0x000001d8e69b7a10, 0x000001d8e69b5390, 0x000001d8df74a070, 0x000001d8df74d310,
0x000001d8e69b49f0, 0x000001d8e69b66d0, 0x000001d8e69b4ec0, 0x000001d8e69b6200,
0x000001d8debfe560
}

Java Threads: ( => current thread )
  0x000001d8b9c165c0 JavaThread "main" [_thread_blocked, id=11692, stack(0x0000005cc8e00000,0x0000005cc8f00000)]
  0x000001d8d5bd2610 JavaThread "Reference Handler" daemon [_thread_blocked, id=6536, stack(0x0000005cc9500000,0x0000005cc9600000)]
  0x000001d8d5bd4c80 JavaThread "Finalizer" daemon [_thread_blocked, id=792, stack(0x0000005cc9600000,0x0000005cc9700000)]
  0x000001d8d5c0ae90 JavaThread "Signal Dispatcher" daemon [_thread_blocked, id=8780, stack(0x0000005cc9700000,0x0000005cc9800000)]
  0x000001d8d5c0bab0 JavaThread "Attach Listener" daemon [_thread_blocked, id=10576, stack(0x0000005cc9800000,0x0000005cc9900000)]
  0x000001d8d5c0c660 JavaThread "Service Thread" daemon [_thread_blocked, id=10784, stack(0x0000005cc9900000,0x0000005cc9a00000)]
  0x000001d8d5c10130 JavaThread "Monitor Deflation Thread" daemon [_thread_blocked, id=11364, stack(0x0000005cc9a00000,0x0000005cc9b00000)]
=>0x000001d8d5c115b0 JavaThread "C2 CompilerThread0" daemon [_thread_in_native, id=8808, stack(0x0000005cc9b00000,0x0000005cc9c00000)]
  0x000001d8d5c11fa0 JavaThread "C1 CompilerThread0" daemon [_thread_blocked, id=10676, stack(0x0000005cc9c00000,0x0000005cc9d00000)]
  0x000001d8d5c12990 JavaThread "Sweeper thread" daemon [_thread_blocked, id=13804, stack(0x0000005cc9d00000,0x0000005cc9e00000)]
  0x000001d8d5d1d640 JavaThread "Common-Cleaner" daemon [_thread_blocked, id=3444, stack(0x0000005cc9e00000,0x0000005cc9f00000)]
  0x000001d8d5e9c610 JavaThread "Notification Thread" daemon [_thread_blocked, id=11504, stack(0x0000005cc9f00000,0x0000005cca000000)]
  0x000001d8db6e6c40 JavaThread "Daemon health stats" [_thread_blocked, id=7004, stack(0x0000005cca800000,0x0000005cca900000)]
  0x000001d8dc38afd0 JavaThread "Incoming local TCP Connector on port 54805" [_thread_in_native, id=8260, stack(0x0000005cca900000,0x0000005ccaa00000)]
  0x000001d8db711340 JavaThread "Daemon periodic checks" [_thread_blocked, id=7392, stack(0x0000005ccaa00000,0x0000005ccab00000)]
  0x000001d8daae75f0 JavaThread "Cache worker for journal cache (C:\Users\android_studio\.gradle\caches\journal-1)" [_thread_blocked, id=2000, stack(0x0000005ccb500000,0x0000005ccb600000)]
  0x000001d8daae7f90 JavaThread "File lock request listener" [_thread_in_native, id=13592, stack(0x0000005ccb600000,0x0000005ccb700000)]
  0x000001d8daae8460 JavaThread "Cache worker for file hash cache (C:\Users\android_studio\.gradle\caches\8.2\fileHashes)" [_thread_blocked, id=9024, stack(0x0000005ccb700000,0x0000005ccb800000)]
  0x000001d8daae4f70 JavaThread "File watcher server" daemon [_thread_in_native, id=10532, stack(0x0000005ccb800000,0x0000005ccb900000)]
  0x000001d8daae5440 JavaThread "File watcher consumer" daemon [_thread_blocked, id=13764, stack(0x0000005ccb900000,0x0000005ccba00000)]
  0x000001d8daae62b0 JavaThread "Cache worker for file content cache (C:\Users\android_studio\.gradle\caches\8.2\fileContent)" [_thread_blocked, id=12100, stack(0x0000005ccbc00000,0x0000005ccbd00000)]
  0x000001d8dd37ad00 JavaThread "Cache worker for execution history cache (C:\Users\android_studio\.gradle\caches\8.2\executionHistory)" [_thread_blocked, id=892, stack(0x0000005ccbf00000,0x0000005ccc000000)]
  0x000001d8dd3769a0 JavaThread "jar transforms" [_thread_blocked, id=6688, stack(0x0000005ccc000000,0x0000005ccc100000)]
  0x000001d8dd376000 JavaThread "jar transforms Thread 2" [_thread_blocked, id=1932, stack(0x0000005ccc100000,0x0000005ccc200000)]
  0x000001d8dd378680 JavaThread "Cache worker for kotlin-dsl (C:\Users\android_studio\.gradle\caches\8.2\kotlin-dsl)" [_thread_blocked, id=4556, stack(0x0000005ccc200000,0x0000005ccc300000)]
  0x000001d8dd377340 JavaThread "jar transforms Thread 3" [_thread_blocked, id=10108, stack(0x0000005ccc300000,0x0000005ccc400000)]
  0x000001d8dd37c040 JavaThread "jar transforms Thread 4" [_thread_blocked, id=12664, stack(0x0000005ccc400000,0x0000005ccc500000)]
  0x000001d8dd377810 JavaThread "jar transforms Thread 5" [_thread_blocked, id=3864, stack(0x0000005ccc500000,0x0000005ccc600000)]
  0x000001d8dd37ceb0 JavaThread "jar transforms Thread 6" [_thread_blocked, id=776, stack(0x0000005ccc600000,0x0000005ccc700000)]
  0x000001d8dd379020 JavaThread "jar transforms Thread 7" [_thread_blocked, id=9800, stack(0x0000005ccc900000,0x0000005ccca00000)]
  0x000001d8dd379e90 JavaThread "jar transforms Thread 8" [_thread_blocked, id=2616, stack(0x0000005ccca00000,0x0000005cccb00000)]
  0x000001d8dfbbde40 JavaThread "Memory manager" [_thread_blocked, id=9648, stack(0x0000005ccd500000,0x0000005ccd600000)]
  0x000001d8dd035340 JavaThread "RMI Scheduler(0)" daemon [_thread_blocked, id=12900, stack(0x0000005cca100000,0x0000005cca200000)]
  0x000001d8dd034000 JavaThread "RMI GC Daemon" daemon [_thread_blocked, id=6264, stack(0x0000005cd2c00000,0x0000005cd2d00000)]
  0x000001d8dd0344d0 JavaThread "RMI TCP Accept-0" daemon [_thread_in_native, id=13420, stack(0x0000005cd2d00000,0x0000005cd2e00000)]
  0x000001d8dd0349a0 JavaThread "RMI Reaper" [_thread_blocked, id=2716, stack(0x0000005cd2e00000,0x0000005cd2f00000)]
  0x000001d8df6cc080 JavaThread "ForkJoinPool.commonPool-worker-1" daemon [_thread_blocked, id=12000, stack(0x0000005cca200000,0x0000005cca300000)]
  0x000001d8df6c9a00 JavaThread "ForkJoinPool.commonPool-worker-2" daemon [_thread_blocked, id=1220, stack(0x0000005cd3a00000,0x0000005cd3b00000)]
  0x000001d8dbb393b0 JavaThread "ForkJoinPool.commonPool-worker-3" daemon [_thread_blocked, id=232, stack(0x0000005cd3b00000,0x0000005cd3c00000)]
  0x000001d8df6c9ed0 JavaThread "ForkJoinPool.commonPool-worker-4" daemon [_thread_blocked, id=3536, stack(0x0000005cd3c00000,0x0000005cd3d00000)]
  0x000001d8dcdbb540 JavaThread "ForkJoinPool.commonPool-worker-5" daemon [_thread_blocked, id=1088, stack(0x0000005cd3d00000,0x0000005cd3e00000)]
  0x000001d8e0e99a80 JavaThread "Daemon Thread 2" [_thread_blocked, id=13044, stack(0x0000005cc8b00000,0x0000005cc8c00000)]
  0x000001d8dcdbc3b0 JavaThread "Daemon worker Thread 2" [_thread_in_Java, id=12616, stack(0x0000005ccad00000,0x0000005ccae00000)]
  0x000001d8dd033b30 JavaThread "included builds" [_thread_blocked, id=10556, stack(0x0000005ccd800000,0x0000005ccd900000)]
  0x000001d8e69b5860 JavaThread "included builds" [_thread_blocked, id=11424, stack(0x0000005ccd900000,0x0000005ccda00000)]
  0x000001d8e69b83b0 JavaThread "Handler for socket connection from /127.0.0.1:54805 to /127.0.0.1:55176" [_thread_in_native, id=2492, stack(0x0000005cc8c00000,0x0000005cc8d00000)]
  0x000001d8e69b7070 JavaThread "Cancel handler" [_thread_blocked, id=12328, stack(0x0000005cc8d00000,0x0000005cc8e00000)]
  0x000001d8e69b7ee0 JavaThread "Asynchronous log dispatcher for DefaultDaemonConnection: socket connection from /127.0.0.1:54805 to /127.0.0.1:55176" [_thread_blocked, id=2508, stack(0x0000005ccab00000,0x0000005ccac00000)]
  0x000001d8e69b7a10 JavaThread "Stdin handler" [_thread_blocked, id=11240, stack(0x0000005ccac00000,0x0000005ccad00000)]
  0x000001d8e69b5390 JavaThread "Daemon client event forwarder" [_thread_blocked, id=4596, stack(0x0000005ccae00000,0x0000005ccaf00000)]
  0x000001d8df74a070 JavaThread "C2 CompilerThread1" daemon [_thread_in_native, id=12092, stack(0x0000005ccaf00000,0x0000005ccb000000)]
  0x000001d8df74d310 JavaThread "C2 CompilerThread2" daemon [_thread_in_native, id=7656, stack(0x0000005ccb000000,0x0000005ccb100000)]
  0x000001d8e69b49f0 JavaThread "Cache worker for checksums cache (C:\Users\android_studio\Desktop\DIc\.gradle\8.2\checksums)" [_thread_blocked, id=4124, stack(0x0000005ccb100000,0x0000005ccb200000)]
  0x000001d8e69b66d0 JavaThread "Cache worker for cache directory md-rule (C:\Users\android_studio\.gradle\caches\8.2\md-rule)" [_thread_blocked, id=7708, stack(0x0000005ccba00000,0x0000005ccbb00000)]
  0x000001d8e69b4ec0 JavaThread "Cache worker for file hash cache (C:\Users\android_studio\Desktop\DIc\.gradle\8.2\fileHashes)" [_thread_blocked, id=9624, stack(0x0000005ccbb00000,0x0000005ccbc00000)]
  0x000001d8e69b6200 JavaThread "Cache worker for cache directory md-supplier (C:\Users\android_studio\.gradle\caches\8.2\md-supplier)" [_thread_blocked, id=7648, stack(0x0000005ccbd00000,0x0000005ccbe00000)]
  0x000001d8debfe560 JavaThread "Cache worker for dependencies-accessors (C:\Users\android_studio\Desktop\DIc\.gradle\8.2\dependencies-accessors)" [_thread_blocked, id=3752, stack(0x0000005ccbe00000,0x0000005ccbf00000)]

Other Threads:
  0x000001d8d5a3ea30 VMThread "VM Thread" [stack: 0x0000005cc9400000,0x0000005cc9500000] [id=13860]
  0x000001d8b9c8aef0 WatcherThread [stack: 0x0000005cca000000,0x0000005cca100000] [id=1668]
  0x000001d8b9c726f0 GCTaskThread "GC Thread#0" [stack: 0x0000005cc8f00000,0x0000005cc9000000] [id=11396]
  0x000001d8da54a730 GCTaskThread "GC Thread#1" [stack: 0x0000005cca300000,0x0000005cca400000] [id=14324]
  0x000001d8dab186e0 GCTaskThread "GC Thread#2" [stack: 0x0000005cca400000,0x0000005cca500000] [id=8600]
  0x000001d8dab18990 GCTaskThread "GC Thread#3" [stack: 0x0000005cca500000,0x0000005cca600000] [id=4348]
  0x000001d8dab18c40 GCTaskThread "GC Thread#4" [stack: 0x0000005cca600000,0x0000005cca700000] [id=8724]
  0x000001d8da7457c0 GCTaskThread "GC Thread#5" [stack: 0x0000005cca700000,0x0000005cca800000] [id=4884]
  0x000001d8db559bf0 GCTaskThread "GC Thread#6" [stack: 0x0000005ccb200000,0x0000005ccb300000] [id=12972]
  0x000001d8dc4fb7b0 GCTaskThread "GC Thread#7" [stack: 0x0000005ccb300000,0x0000005ccb400000] [id=264]
  0x000001d8b9c83630 ConcurrentGCThread "G1 Main Marker" [stack: 0x0000005cc9000000,0x0000005cc9100000] [id=5520]
  0x000001d8b9c84040 ConcurrentGCThread "G1 Conc#0" [stack: 0x0000005cc9100000,0x0000005cc9200000] [id=11948]
  0x000001d8dbb943a0 ConcurrentGCThread "G1 Conc#1" [stack: 0x0000005ccb400000,0x0000005ccb500000] [id=10168]
  0x000001d8b9cce560 ConcurrentGCThread "G1 Refine#0" [stack: 0x0000005cc9200000,0x0000005cc9300000] [id=3468]
  0x000001d8dc6404a0 ConcurrentGCThread "G1 Refine#1" [stack: 0x0000005ccd200000,0x0000005ccd300000] [id=4172]
  0x000001d8decdb9d0 ConcurrentGCThread "G1 Refine#2" [stack: 0x0000005ccd300000,0x0000005ccd400000] [id=10328]
  0x000001d8decdcdf0 ConcurrentGCThread "G1 Refine#3" [stack: 0x0000005cce700000,0x0000005cce800000] [id=10664]
  0x000001d8decdb6f0 ConcurrentGCThread "G1 Refine#4" [stack: 0x0000005cce800000,0x0000005cce900000] [id=12140]
  0x000001d8d58d79b0 ConcurrentGCThread "G1 Service" [stack: 0x0000005cc9300000,0x0000005cc9400000] [id=14112]

Threads with active compile tasks:
C2 CompilerThread0   163441 16488       4       org.gradle.internal.service.DefaultServiceRegistry$ClassInspector::hasAnnotation (10 bytes)
C2 CompilerThread1   163441 16507       4       org.gradle.internal.service.DefaultServiceRegistry$OwnServices::add (153 bytes)
C2 CompilerThread2   163441 16508       4       org.gradle.internal.service.DefaultServiceRegistry$OwnServices::collectProvidersForClassHierarchy (95 bytes)

VM state: not at safepoint (normal execution)

VM Mutex/Monitor currently owned by a thread:  ([mutex/lock_event])
[0x000001d8b9c11880] CompiledIC_lock - owner thread: 0x0000000000000000

Heap address: 0x0000000080000000, size: 2048 MB, Compressed Oops mode: 32-bit

CDS archive(s) not mapped
Compressed class space mapped at: 0x0000000100000000-0x0000000140000000, reserved size: 1073741824
Narrow klass base: 0x0000000000000000, Narrow klass shift: 3, Narrow klass range: 0x140000000

GC Precious Log:
 CPUs: 8 total, 8 available
 Memory: 16231M
 Large Page Support: Disabled
 NUMA Support: Disabled
 Compressed Oops: Enabled (32-bit)
 Heap Region Size: 1M
 Heap Min Capacity: 8M
 Heap Initial Capacity: 254M
 Heap Max Capacity: 2G
 Pre-touch: Disabled
 Parallel Workers: 8
 Concurrent Workers: 2
 Concurrent Refinement Workers: 8
 Periodic GC: Disabled

Heap:
 garbage-first heap   total 252928K, used 147959K [0x0000000080000000, 0x0000000100000000)
  region size 1024K, 4 young (4096K), 1 survivors (1024K)
 Metaspace       used 124649K, committed 125632K, reserved 1179648K
  class space    used 17380K, committed 17856K, reserved 1048576K

Heap Regions: E=young(eden), S=young(survivor), O=old, HS=humongous(starts), HC=humongous(continues), CS=collection set, F=free, OA=open archive, CA=closed archive, TAMS=top-at-mark-start (previous, next)
|   0|0x0000000080000000, 0x0000000080100000, 0x0000000080100000|100%|HS|  |TAMS 0x0000000080100000, 0x0000000080000000| Complete 
|   1|0x0000000080100000, 0x0000000080200000, 0x0000000080200000|100%|HC|  |TAMS 0x0000000080200000, 0x0000000080100000| Complete 
|   2|0x0000000080200000, 0x0000000080300000, 0x0000000080300000|100%|HC|  |TAMS 0x0000000080300000, 0x0000000080200000| Complete 
|   3|0x0000000080300000, 0x0000000080400000, 0x0000000080400000|100%|HC|  |TAMS 0x0000000080400000, 0x0000000080300000| Complete 
|   4|0x0000000080400000, 0x0000000080500000, 0x0000000080500000|100%| O|  |TAMS 0x0000000080500000, 0x0000000080400000| Untracked 
|   5|0x0000000080500000, 0x0000000080600000, 0x0000000080600000|100%| O|  |TAMS 0x0000000080600000, 0x0000000080500000| Untracked 
|   6|0x0000000080600000, 0x0000000080700000, 0x0000000080700000|100%| O|  |TAMS 0x0000000080700000, 0x0000000080600000| Untracked 
|   7|0x0000000080700000, 0x0000000080800000, 0x0000000080800000|100%| O|  |TAMS 0x0000000080800000, 0x0000000080700000| Untracked 
|   8|0x0000000080800000, 0x0000000080900000, 0x0000000080900000|100%| O|  |TAMS 0x0000000080900000, 0x0000000080800000| Untracked 
|   9|0x0000000080900000, 0x0000000080a00000, 0x0000000080a00000|100%| O|  |TAMS 0x0000000080a00000, 0x0000000080900000| Untracked 
|  10|0x0000000080a00000, 0x0000000080b00000, 0x0000000080b00000|100%| O|  |TAMS 0x0000000080b00000, 0x0000000080a00000| Untracked 
|  11|0x0000000080b00000, 0x0000000080c00000, 0x0000000080c00000|100%| O|  |TAMS 0x0000000080c00000, 0x0000000080b00000| Untracked 
|  12|0x0000000080c00000, 0x0000000080d00000, 0x0000000080d00000|100%| O|  |TAMS 0x0000000080d00000, 0x0000000080c00000| Untracked 
|  13|0x0000000080d00000, 0x0000000080e00000, 0x0000000080e00000|100%| O|  |TAMS 0x0000000080e00000, 0x0000000080d00000| Untracked 
|  14|0x0000000080e00000, 0x0000000080f00000, 0x0000000080f00000|100%| O|  |TAMS 0x0000000080f00000, 0x0000000080e00000| Untracked 
|  15|0x0000000080f00000, 0x0000000081000000, 0x0000000081000000|100%| O|  |TAMS 0x0000000081000000, 0x0000000080f00000| Untracked 
|  16|0x0000000081000000, 0x0000000081100000, 0x0000000081100000|100%| O|  |TAMS 0x0000000081100000, 0x0000000081000000| Untracked 
|  17|0x0000000081100000, 0x0000000081200000, 0x0000000081200000|100%| O|  |TAMS 0x0000000081200000, 0x0000000081100000| Untracked 
|  18|0x0000000081200000, 0x0000000081300000, 0x0000000081300000|100%| O|  |TAMS 0x0000000081300000, 0x0000000081200000| Untracked 
|  19|0x0000000081300000, 0x0000000081400000, 0x0000000081400000|100%| O|  |TAMS 0x0000000081400000, 0x0000000081300000| Untracked 
|  20|0x0000000081400000, 0x0000000081500000, 0x0000000081500000|100%| O|  |TAMS 0x0000000081500000, 0x0000000081400000| Untracked 
|  21|0x0000000081500000, 0x0000000081600000, 0x0000000081600000|100%| O|  |TAMS 0x0000000081600000, 0x0000000081500000| Untracked 
|  22|0x0000000081600000, 0x0000000081700000, 0x0000000081700000|100%| O|  |TAMS 0x0000000081700000, 0x0000000081600000| Untracked 
|  23|0x0000000081700000, 0x0000000081800000, 0x0000000081800000|100%| O|  |TAMS 0x0000000081800000, 0x0000000081700000| Untracked 
|  24|0x0000000081800000, 0x0000000081900000, 0x0000000081900000|100%| O|  |TAMS 0x0000000081900000, 0x0000000081800000| Untracked 
|  25|0x0000000081900000, 0x0000000081a00000, 0x0000000081a00000|100%| O|  |TAMS 0x0000000081a00000, 0x0000000081900000| Untracked 
|  26|0x0000000081a00000, 0x0000000081b00000, 0x0000000081b00000|100%| O|  |TAMS 0x0000000081b00000, 0x0000000081a00000| Untracked 
|  27|0x0000000081b00000, 0x0000000081c00000, 0x0000000081c00000|100%| O|  |TAMS 0x0000000081c00000, 0x0000000081b00000| Untracked 
|  28|0x0000000081c00000, 0x0000000081d00000, 0x0000000081d00000|100%| O|  |TAMS 0x0000000081d00000, 0x0000000081c00000| Untracked 
|  29|0x0000000081d00000, 0x0000000081e00000, 0x0000000081e00000|100%| O|  |TAMS 0x0000000081e00000, 0x0000000081d00000| Untracked 
|  30|0x0000000081e00000, 0x0000000081f00000, 0x0000000081f00000|100%| O|  |TAMS 0x0000000081f00000, 0x0000000081e00000| Untracked 
|  31|0x0000000081f00000, 0x0000000082000000, 0x0000000082000000|100%| O|  |TAMS 0x0000000082000000, 0x0000000081f00000| Untracked 
|  32|0x0000000082000000, 0x0000000082100000, 0x0000000082100000|100%|HS|  |TAMS 0x0000000082100000, 0x0000000082000000| Complete 
|  33|0x0000000082100000, 0x0000000082200000, 0x0000000082200000|100%|HS|  |TAMS 0x0000000082200000, 0x0000000082100000| Complete 
|  34|0x0000000082200000, 0x0000000082300000, 0x0000000082300000|100%|HS|  |TAMS 0x0000000082300000, 0x0000000082200000| Complete 
|  35|0x0000000082300000, 0x0000000082400000, 0x0000000082400000|100%|HC|  |TAMS 0x0000000082400000, 0x0000000082300000| Complete 
|  36|0x0000000082400000, 0x0000000082500000, 0x0000000082500000|100%|HS|  |TAMS 0x0000000082500000, 0x0000000082400000| Complete 
|  37|0x0000000082500000, 0x0000000082600000, 0x0000000082600000|100%|HC|  |TAMS 0x0000000082600000, 0x0000000082500000| Complete 
|  38|0x0000000082600000, 0x0000000082700000, 0x0000000082700000|100%|HS|  |TAMS 0x0000000082700000, 0x0000000082600000| Complete 
|  39|0x0000000082700000, 0x0000000082800000, 0x0000000082800000|100%|HS|  |TAMS 0x0000000082800000, 0x0000000082700000| Complete 
|  40|0x0000000082800000, 0x0000000082900000, 0x0000000082900000|100%|HC|  |TAMS 0x0000000082900000, 0x0000000082800000| Complete 
|  41|0x0000000082900000, 0x0000000082a00000, 0x0000000082a00000|100%|HC|  |TAMS 0x0000000082a00000, 0x0000000082900000| Complete 
|  42|0x0000000082a00000, 0x0000000082b00000, 0x0000000082b00000|100%|HC|  |TAMS 0x0000000082b00000, 0x0000000082a00000| Complete 
|  43|0x0000000082b00000, 0x0000000082c00000, 0x0000000082c00000|100%| O|  |TAMS 0x0000000082c00000, 0x0000000082b00000| Untracked 
|  44|0x0000000082c00000, 0x0000000082d00000, 0x0000000082d00000|100%|HS|  |TAMS 0x0000000082d00000, 0x0000000082c00000| Complete 
|  45|0x0000000082d00000, 0x0000000082e00000, 0x0000000082e00000|100%|HS|  |TAMS 0x0000000082e00000, 0x0000000082d00000| Complete 
|  46|0x0000000082e00000, 0x0000000082f00000, 0x0000000082f00000|100%| O|  |TAMS 0x0000000082f00000, 0x0000000082e00000| Untracked 
|  47|0x0000000082f00000, 0x0000000083000000, 0x0000000083000000|100%| O|  |TAMS 0x0000000083000000, 0x0000000082f00000| Untracked 
|  48|0x0000000083000000, 0x0000000083100000, 0x0000000083100000|100%| O|  |TAMS 0x0000000083000000, 0x0000000083000000| Untracked 
|  49|0x0000000083100000, 0x0000000083200000, 0x0000000083200000|100%| O|  |TAMS 0x0000000083200000, 0x0000000083100000| Untracked 
|  50|0x0000000083200000, 0x0000000083300000, 0x0000000083300000|100%| O|  |TAMS 0x0000000083300000, 0x0000000083200000| Untracked 
|  51|0x0000000083300000, 0x0000000083400000, 0x0000000083400000|100%| O|  |TAMS 0x0000000083400000, 0x0000000083300000| Untracked 
|  52|0x0000000083400000, 0x0000000083500000, 0x0000000083500000|100%|HS|  |TAMS 0x0000000083500000, 0x0000000083400000| Complete 
|  53|0x0000000083500000, 0x0000000083600000, 0x0000000083600000|100%|HC|  |TAMS 0x0000000083600000, 0x0000000083500000| Complete 
|  54|0x0000000083600000, 0x0000000083700000, 0x0000000083700000|100%|HC|  |TAMS 0x0000000083700000, 0x0000000083600000| Complete 
|  55|0x0000000083700000, 0x0000000083800000, 0x0000000083800000|100%|HC|  |TAMS 0x0000000083800000, 0x0000000083700000| Complete 
|  56|0x0000000083800000, 0x0000000083900000, 0x0000000083900000|100%| O|  |TAMS 0x0000000083900000, 0x0000000083800000| Untracked 
|  57|0x0000000083900000, 0x0000000083a00000, 0x0000000083a00000|100%| O|  |TAMS 0x0000000083a00000, 0x0000000083900000| Untracked 
|  58|0x0000000083a00000, 0x0000000083b00000, 0x0000000083b00000|100%| O|  |TAMS 0x0000000083b00000, 0x0000000083a00000| Untracked 
|  59|0x0000000083b00000, 0x0000000083c00000, 0x0000000083c00000|100%| O|  |TAMS 0x0000000083c00000, 0x0000000083b00000| Untracked 
|  60|0x0000000083c00000, 0x0000000083d00000, 0x0000000083d00000|100%| O|  |TAMS 0x0000000083d00000, 0x0000000083c00000| Untracked 
|  61|0x0000000083d00000, 0x0000000083e00000, 0x0000000083e00000|100%| O|  |TAMS 0x0000000083e00000, 0x0000000083d00000| Untracked 
|  62|0x0000000083e00000, 0x0000000083f00000, 0x0000000083f00000|100%| O|  |TAMS 0x0000000083f00000, 0x0000000083e00000| Untracked 
|  63|0x0000000083f00000, 0x0000000084000000, 0x0000000084000000|100%| O|  |TAMS 0x0000000084000000, 0x0000000083f00000| Untracked 
|  64|0x0000000084000000, 0x0000000084100000, 0x0000000084100000|100%| O|  |TAMS 0x0000000084100000, 0x0000000084000000| Untracked 
|  65|0x0000000084100000, 0x0000000084200000, 0x0000000084200000|100%| O|  |TAMS 0x0000000084200000, 0x0000000084100000| Untracked 
|  66|0x0000000084200000, 0x0000000084300000, 0x0000000084300000|100%| O|  |TAMS 0x0000000084300000, 0x0000000084200000| Untracked 
|  67|0x0000000084300000, 0x0000000084400000, 0x0000000084400000|100%| O|  |TAMS 0x0000000084300000, 0x0000000084300000| Untracked 
|  68|0x0000000084400000, 0x0000000084500000, 0x0000000084500000|100%| O|  |TAMS 0x0000000084500000, 0x0000000084400000| Untracked 
|  69|0x0000000084500000, 0x0000000084600000, 0x0000000084600000|100%| O|  |TAMS 0x0000000084600000, 0x0000000084500000| Untracked 
|  70|0x0000000084600000, 0x0000000084700000, 0x0000000084700000|100%| O|  |TAMS 0x0000000084700000, 0x0000000084600000| Untracked 
|  71|0x0000000084700000, 0x0000000084800000, 0x0000000084800000|100%| O|  |TAMS 0x0000000084800000, 0x0000000084700000| Untracked 
|  72|0x0000000084800000, 0x0000000084900000, 0x0000000084900000|100%| O|  |TAMS 0x0000000084900000, 0x0000000084800000| Untracked 
|  73|0x0000000084900000, 0x0000000084a00000, 0x0000000084a00000|100%| O|  |TAMS 0x0000000084a00000, 0x0000000084900000| Untracked 
|  74|0x0000000084a00000, 0x0000000084b00000, 0x0000000084b00000|100%| O|  |TAMS 0x0000000084a00000, 0x0000000084a00000| Untracked 
|  75|0x0000000084b00000, 0x0000000084c00000, 0x0000000084c00000|100%| O|  |TAMS 0x0000000084c00000, 0x0000000084b00000| Untracked 
|  76|0x0000000084c00000, 0x0000000084d00000, 0x0000000084d00000|100%| O|  |TAMS 0x0000000084d00000, 0x0000000084c00000| Untracked 
|  77|0x0000000084d00000, 0x0000000084e00000, 0x0000000084e00000|100%| O|  |TAMS 0x0000000084e00000, 0x0000000084d00000| Untracked 
|  78|0x0000000084e00000, 0x0000000084f00000, 0x0000000084f00000|100%| O|  |TAMS 0x0000000084f00000, 0x0000000084e00000| Untracked 
|  79|0x0000000084f00000, 0x0000000085000000, 0x0000000085000000|100%| O|  |TAMS 0x0000000085000000, 0x0000000084f00000| Untracked 
|  80|0x0000000085000000, 0x0000000085000000, 0x0000000085100000|  0%| F|  |TAMS 0x0000000085000000, 0x0000000085000000| Untracked 
|  81|0x0000000085100000, 0x0000000085200000, 0x0000000085200000|100%| O|  |TAMS 0x0000000085200000, 0x0000000085100000| Untracked 
|  82|0x0000000085200000, 0x0000000085300000, 0x0000000085300000|100%| O|  |TAMS 0x0000000085300000, 0x0000000085200000| Untracked 
|  83|0x0000000085300000, 0x0000000085400000, 0x0000000085400000|100%| O|  |TAMS 0x0000000085400000, 0x0000000085300000| Untracked 
|  84|0x0000000085400000, 0x0000000085500000, 0x0000000085500000|100%| O|  |TAMS 0x0000000085500000, 0x0000000085400000| Untracked 
|  85|0x0000000085500000, 0x0000000085600000, 0x0000000085600000|100%| O|  |TAMS 0x0000000085600000, 0x0000000085500000| Untracked 
|  86|0x0000000085600000, 0x0000000085700000, 0x0000000085700000|100%| O|  |TAMS 0x0000000085700000, 0x0000000085600000| Untracked 
|  87|0x0000000085700000, 0x0000000085800000, 0x0000000085800000|100%| O|  |TAMS 0x0000000085800000, 0x0000000085700000| Untracked 
|  88|0x0000000085800000, 0x0000000085900000, 0x0000000085900000|100%| O|  |TAMS 0x0000000085900000, 0x0000000085800000| Untracked 
|  89|0x0000000085900000, 0x0000000085a00000, 0x0000000085a00000|100%| O|  |TAMS 0x0000000085a00000, 0x0000000085900000| Untracked 
|  90|0x0000000085a00000, 0x0000000085b00000, 0x0000000085b00000|100%| O|  |TAMS 0x0000000085b00000, 0x0000000085a00000| Untracked 
|  91|0x0000000085b00000, 0x0000000085c00000, 0x0000000085c00000|100%| O|  |TAMS 0x0000000085c00000, 0x0000000085b00000| Untracked 
|  92|0x0000000085c00000, 0x0000000085d00000, 0x0000000085d00000|100%| O|  |TAMS 0x0000000085d00000, 0x0000000085c00000| Untracked 
|  93|0x0000000085d00000, 0x0000000085e00000, 0x0000000085e00000|100%| O|  |TAMS 0x0000000085e00000, 0x0000000085d00000| Untracked 
|  94|0x0000000085e00000, 0x0000000085f00000, 0x0000000085f00000|100%| O|  |TAMS 0x0000000085f00000, 0x0000000085e00000| Untracked 
|  95|0x0000000085f00000, 0x0000000086000000, 0x0000000086000000|100%| O|  |TAMS 0x0000000086000000, 0x0000000085f00000| Untracked 
|  96|0x0000000086000000, 0x0000000086000000, 0x0000000086100000|  0%| F|  |TAMS 0x0000000086000000, 0x0000000086000000| Untracked 
|  97|0x0000000086100000, 0x0000000086200000, 0x0000000086200000|100%| O|  |TAMS 0x0000000086200000, 0x0000000086100000| Untracked 
|  98|0x0000000086200000, 0x0000000086300000, 0x0000000086300000|100%| O|  |TAMS 0x0000000086300000, 0x0000000086200000| Untracked 
|  99|0x0000000086300000, 0x0000000086400000, 0x0000000086400000|100%| O|  |TAMS 0x0000000086400000, 0x0000000086300000| Untracked 
| 100|0x0000000086400000, 0x0000000086400000, 0x0000000086500000|  0%| F|  |TAMS 0x0000000086400000, 0x0000000086400000| Untracked 
| 101|0x0000000086500000, 0x0000000086600000, 0x0000000086600000|100%| O|  |TAMS 0x0000000086600000, 0x0000000086500000| Untracked 
| 102|0x0000000086600000, 0x0000000086700000, 0x0000000086700000|100%| O|  |TAMS 0x0000000086700000, 0x0000000086600000| Untracked 
| 103|0x0000000086700000, 0x0000000086800000, 0x0000000086800000|100%| O|  |TAMS 0x0000000086800000, 0x0000000086700000| Untracked 
| 104|0x0000000086800000, 0x0000000086900000, 0x0000000086900000|100%| O|  |TAMS 0x0000000086900000, 0x0000000086800000| Untracked 
| 105|0x0000000086900000, 0x0000000086a00000, 0x0000000086a00000|100%| O|  |TAMS 0x0000000086a00000, 0x0000000086900000| Untracked 
| 106|0x0000000086a00000, 0x0000000086b00000, 0x0000000086b00000|100%| O|  |TAMS 0x0000000086b00000, 0x0000000086a00000| Untracked 
| 107|0x0000000086b00000, 0x0000000086b00000, 0x0000000086c00000|  0%| F|  |TAMS 0x0000000086b00000, 0x0000000086b00000| Untracked 
| 108|0x0000000086c00000, 0x0000000086d00000, 0x0000000086d00000|100%| O|  |TAMS 0x0000000086d00000, 0x0000000086c00000| Untracked 
| 109|0x0000000086d00000, 0x0000000086d00000, 0x0000000086e00000|  0%| F|  |TAMS 0x0000000086d00000, 0x0000000086d00000| Untracked 
| 110|0x0000000086e00000, 0x0000000086f00000, 0x0000000086f00000|100%| O|  |TAMS 0x0000000086f00000, 0x0000000086e00000| Untracked 
| 111|0x0000000086f00000, 0x0000000086f00000, 0x0000000087000000|  0%| F|  |TAMS 0x0000000086f00000, 0x0000000086f00000| Untracked 
| 112|0x0000000087000000, 0x0000000087100000, 0x0000000087100000|100%| O|  |TAMS 0x0000000087100000, 0x0000000087000000| Untracked 
| 113|0x0000000087100000, 0x0000000087200000, 0x0000000087200000|100%| O|  |TAMS 0x0000000087200000, 0x0000000087100000| Untracked 
| 114|0x0000000087200000, 0x0000000087300000, 0x0000000087300000|100%| O|  |TAMS 0x0000000087300000, 0x0000000087200000| Untracked 
| 115|0x0000000087300000, 0x0000000087400000, 0x0000000087400000|100%| O|  |TAMS 0x0000000087400000, 0x0000000087300000| Untracked 
| 116|0x0000000087400000, 0x0000000087500000, 0x0000000087500000|100%| O|  |TAMS 0x0000000087500000, 0x0000000087400000| Untracked 
| 117|0x0000000087500000, 0x0000000087600000, 0x0000000087600000|100%| O|  |TAMS 0x0000000087600000, 0x0000000087500000| Untracked 
| 118|0x0000000087600000, 0x0000000087700000, 0x0000000087700000|100%| O|  |TAMS 0x0000000087700000, 0x0000000087600000| Untracked 
| 119|0x0000000087700000, 0x0000000087800000, 0x0000000087800000|100%| O|  |TAMS 0x0000000087800000, 0x0000000087700000| Untracked 
| 120|0x0000000087800000, 0x0000000087900000, 0x0000000087900000|100%| O|  |TAMS 0x0000000087900000, 0x0000000087800000| Untracked 
| 121|0x0000000087900000, 0x0000000087a00000, 0x0000000087a00000|100%| O|  |TAMS 0x0000000087a00000, 0x0000000087900000| Untracked 
| 122|0x0000000087a00000, 0x0000000087a00000, 0x0000000087b00000|  0%| F|  |TAMS 0x0000000087a00000, 0x0000000087a00000| Untracked 
| 123|0x0000000087b00000, 0x0000000087c00000, 0x0000000087c00000|100%| O|  |TAMS 0x0000000087c00000, 0x0000000087b00000| Untracked 
| 124|0x0000000087c00000, 0x0000000087d00000, 0x0000000087d00000|100%| O|  |TAMS 0x0000000087d00000, 0x0000000087c00000| Untracked 
| 125|0x0000000087d00000, 0x0000000087e00000, 0x0000000087e00000|100%| O|  |TAMS 0x0000000087e00000, 0x0000000087d00000| Untracked 
| 126|0x0000000087e00000, 0x0000000087f00000, 0x0000000087f00000|100%| O|  |TAMS 0x0000000087f00000, 0x0000000087e00000| Untracked 
| 127|0x0000000087f00000, 0x0000000088000000, 0x0000000088000000|100%| O|  |TAMS 0x0000000088000000, 0x0000000087f00000| Untracked 
| 128|0x0000000088000000, 0x0000000088100000, 0x0000000088100000|100%| O|  |TAMS 0x0000000088089200, 0x0000000088000000| Untracked 
| 129|0x0000000088100000, 0x0000000088200000, 0x0000000088200000|100%| O|  |TAMS 0x0000000088100000, 0x0000000088100000| Untracked 
| 130|0x0000000088200000, 0x0000000088300000, 0x0000000088300000|100%| O|  |TAMS 0x0000000088200000, 0x0000000088200000| Untracked 
| 131|0x0000000088300000, 0x0000000088400000, 0x0000000088400000|100%| O|  |TAMS 0x0000000088300000, 0x0000000088300000| Untracked 
| 132|0x0000000088400000, 0x0000000088500000, 0x0000000088500000|100%| O|  |TAMS 0x0000000088400000, 0x0000000088400000| Untracked 
| 133|0x0000000088500000, 0x0000000088600000, 0x0000000088600000|100%| O|  |TAMS 0x0000000088500000, 0x0000000088500000| Untracked 
| 134|0x0000000088600000, 0x0000000088700000, 0x0000000088700000|100%| O|  |TAMS 0x0000000088600000, 0x0000000088600000| Untracked 
| 135|0x0000000088700000, 0x0000000088800000, 0x0000000088800000|100%| O|  |TAMS 0x0000000088700000, 0x0000000088700000| Untracked 
| 136|0x0000000088800000, 0x0000000088900000, 0x0000000088900000|100%| O|  |TAMS 0x0000000088800000, 0x0000000088800000| Untracked 
| 137|0x0000000088900000, 0x0000000088a00000, 0x0000000088a00000|100%| O|  |TAMS 0x0000000088900000, 0x0000000088900000| Untracked 
| 138|0x0000000088a00000, 0x0000000088b00000, 0x0000000088b00000|100%| O|  |TAMS 0x0000000088a00000, 0x0000000088a00000| Untracked 
| 139|0x0000000088b00000, 0x0000000088c00000, 0x0000000088c00000|100%| O|  |TAMS 0x0000000088b00000, 0x0000000088b00000| Untracked 
| 140|0x0000000088c00000, 0x0000000088d00000, 0x0000000088d00000|100%| O|  |TAMS 0x0000000088c00000, 0x0000000088c00000| Untracked 
| 141|0x0000000088d00000, 0x0000000088e00000, 0x0000000088e00000|100%| O|  |TAMS 0x0000000088d00000, 0x0000000088d00000| Untracked 
| 142|0x0000000088e00000, 0x0000000088f00000, 0x0000000088f00000|100%| O|  |TAMS 0x0000000088e00000, 0x0000000088e00000| Untracked 
| 143|0x0000000088f00000, 0x0000000089000000, 0x0000000089000000|100%| O|  |TAMS 0x0000000088f00000, 0x0000000088f00000| Untracked 
| 144|0x0000000089000000, 0x0000000089100000, 0x0000000089100000|100%| O|  |TAMS 0x0000000089000000, 0x0000000089000000| Untracked 
| 145|0x0000000089100000, 0x0000000089200000, 0x0000000089200000|100%| O|  |TAMS 0x0000000089100000, 0x0000000089100000| Untracked 
| 146|0x0000000089200000, 0x0000000089300000, 0x0000000089300000|100%| O|  |TAMS 0x0000000089200000, 0x0000000089200000| Untracked 
| 147|0x0000000089300000, 0x00000000893daa00, 0x0000000089400000| 85%| O|  |TAMS 0x0000000089300000, 0x0000000089300000| Untracked 
| 148|0x0000000089400000, 0x0000000089400000, 0x0000000089500000|  0%| F|  |TAMS 0x0000000089400000, 0x0000000089400000| Untracked 
| 149|0x0000000089500000, 0x0000000089500000, 0x0000000089600000|  0%| F|  |TAMS 0x0000000089500000, 0x0000000089500000| Untracked 
| 150|0x0000000089600000, 0x0000000089600000, 0x0000000089700000|  0%| F|  |TAMS 0x0000000089600000, 0x0000000089600000| Untracked 
| 151|0x0000000089700000, 0x0000000089700000, 0x0000000089800000|  0%| F|  |TAMS 0x0000000089700000, 0x0000000089700000| Untracked 
| 152|0x0000000089800000, 0x0000000089800000, 0x0000000089900000|  0%| F|  |TAMS 0x0000000089800000, 0x0000000089800000| Untracked 
| 153|0x0000000089900000, 0x0000000089900000, 0x0000000089a00000|  0%| F|  |TAMS 0x0000000089900000, 0x0000000089900000| Untracked 
| 154|0x0000000089a00000, 0x0000000089a00000, 0x0000000089b00000|  0%| F|  |TAMS 0x0000000089a00000, 0x0000000089a00000| Untracked 
| 155|0x0000000089b00000, 0x0000000089b00000, 0x0000000089c00000|  0%| F|  |TAMS 0x0000000089b00000, 0x0000000089b00000| Untracked 
| 156|0x0000000089c00000, 0x0000000089c00000, 0x0000000089d00000|  0%| F|  |TAMS 0x0000000089c00000, 0x0000000089c00000| Untracked 
| 157|0x0000000089d00000, 0x0000000089d00000, 0x0000000089e00000|  0%| F|  |TAMS 0x0000000089d00000, 0x0000000089d00000| Untracked 
| 158|0x0000000089e00000, 0x0000000089e00000, 0x0000000089f00000|  0%| F|  |TAMS 0x0000000089e00000, 0x0000000089e00000| Untracked 
| 159|0x0000000089f00000, 0x0000000089f00000, 0x000000008a000000|  0%| F|  |TAMS 0x0000000089f00000, 0x0000000089f00000| Untracked 
| 160|0x000000008a000000, 0x000000008a000000, 0x000000008a100000|  0%| F|  |TAMS 0x000000008a000000, 0x000000008a000000| Untracked 
| 161|0x000000008a100000, 0x000000008a100000, 0x000000008a200000|  0%| F|  |TAMS 0x000000008a100000, 0x000000008a100000| Untracked 
| 162|0x000000008a200000, 0x000000008a200000, 0x000000008a300000|  0%| F|  |TAMS 0x000000008a200000, 0x000000008a200000| Untracked 
| 163|0x000000008a300000, 0x000000008a300000, 0x000000008a400000|  0%| F|  |TAMS 0x000000008a300000, 0x000000008a300000| Untracked 
| 164|0x000000008a400000, 0x000000008a400000, 0x000000008a500000|  0%| F|  |TAMS 0x000000008a400000, 0x000000008a400000| Untracked 
| 165|0x000000008a500000, 0x000000008a500000, 0x000000008a600000|  0%| F|  |TAMS 0x000000008a500000, 0x000000008a500000| Untracked 
| 166|0x000000008a600000, 0x000000008a600000, 0x000000008a700000|  0%| F|  |TAMS 0x000000008a600000, 0x000000008a600000| Untracked 
| 167|0x000000008a700000, 0x000000008a700000, 0x000000008a800000|  0%| F|  |TAMS 0x000000008a700000, 0x000000008a700000| Untracked 
| 168|0x000000008a800000, 0x000000008a800000, 0x000000008a900000|  0%| F|  |TAMS 0x000000008a800000, 0x000000008a800000| Untracked 
| 169|0x000000008a900000, 0x000000008a900000, 0x000000008aa00000|  0%| F|  |TAMS 0x000000008a900000, 0x000000008a900000| Untracked 
| 170|0x000000008aa00000, 0x000000008aa00000, 0x000000008ab00000|  0%| F|  |TAMS 0x000000008aa00000, 0x000000008aa00000| Untracked 
| 171|0x000000008ab00000, 0x000000008ab00000, 0x000000008ac00000|  0%| F|  |TAMS 0x000000008ab00000, 0x000000008ab00000| Untracked 
| 172|0x000000008ac00000, 0x000000008ac00000, 0x000000008ad00000|  0%| F|  |TAMS 0x000000008ac00000, 0x000000008ac00000| Untracked 
| 173|0x000000008ad00000, 0x000000008ad00000, 0x000000008ae00000|  0%| F|  |TAMS 0x000000008ad00000, 0x000000008ad00000| Untracked 
| 174|0x000000008ae00000, 0x000000008ae00000, 0x000000008af00000|  0%| F|  |TAMS 0x000000008ae00000, 0x000000008ae00000| Untracked 
| 175|0x000000008af00000, 0x000000008af00000, 0x000000008b000000|  0%| F|  |TAMS 0x000000008af00000, 0x000000008af00000| Untracked 
| 176|0x000000008b000000, 0x000000008b000000, 0x000000008b100000|  0%| F|  |TAMS 0x000000008b000000, 0x000000008b000000| Untracked 
| 177|0x000000008b100000, 0x000000008b100000, 0x000000008b200000|  0%| F|  |TAMS 0x000000008b100000, 0x000000008b100000| Untracked 
| 178|0x000000008b200000, 0x000000008b200000, 0x000000008b300000|  0%| F|  |TAMS 0x000000008b200000, 0x000000008b200000| Untracked 
| 179|0x000000008b300000, 0x000000008b300000, 0x000000008b400000|  0%| F|  |TAMS 0x000000008b300000, 0x000000008b300000| Untracked 
| 180|0x000000008b400000, 0x000000008b400000, 0x000000008b500000|  0%| F|  |TAMS 0x000000008b400000, 0x000000008b400000| Untracked 
| 181|0x000000008b500000, 0x000000008b500000, 0x000000008b600000|  0%| F|  |TAMS 0x000000008b500000, 0x000000008b500000| Untracked 
| 182|0x000000008b600000, 0x000000008b600000, 0x000000008b700000|  0%| F|  |TAMS 0x000000008b600000, 0x000000008b600000| Untracked 
| 183|0x000000008b700000, 0x000000008b700000, 0x000000008b800000|  0%| F|  |TAMS 0x000000008b700000, 0x000000008b700000| Untracked 
| 184|0x000000008b800000, 0x000000008b800000, 0x000000008b900000|  0%| F|  |TAMS 0x000000008b800000, 0x000000008b800000| Untracked 
| 185|0x000000008b900000, 0x000000008b900000, 0x000000008ba00000|  0%| F|  |TAMS 0x000000008b900000, 0x000000008b900000| Untracked 
| 186|0x000000008ba00000, 0x000000008ba00000, 0x000000008bb00000|  0%| F|  |TAMS 0x000000008ba00000, 0x000000008ba00000| Untracked 
| 187|0x000000008bb00000, 0x000000008bb00000, 0x000000008bc00000|  0%| F|  |TAMS 0x000000008bb00000, 0x000000008bb00000| Untracked 
| 188|0x000000008bc00000, 0x000000008bc00000, 0x000000008bd00000|  0%| F|  |TAMS 0x000000008bc00000, 0x000000008bc00000| Untracked 
| 189|0x000000008bd00000, 0x000000008bd00000, 0x000000008be00000|  0%| F|  |TAMS 0x000000008bd00000, 0x000000008bd00000| Untracked 
| 190|0x000000008be00000, 0x000000008be00000, 0x000000008bf00000|  0%| F|  |TAMS 0x000000008be00000, 0x000000008be00000| Untracked 
| 191|0x000000008bf00000, 0x000000008bf00000, 0x000000008c000000|  0%| F|  |TAMS 0x000000008bf00000, 0x000000008bf00000| Untracked 
| 192|0x000000008c000000, 0x000000008c000000, 0x000000008c100000|  0%| F|  |TAMS 0x000000008c000000, 0x000000008c000000| Untracked 
| 193|0x000000008c100000, 0x000000008c100000, 0x000000008c200000|  0%| F|  |TAMS 0x000000008c100000, 0x000000008c100000| Untracked 
| 194|0x000000008c200000, 0x000000008c200000, 0x000000008c300000|  0%| F|  |TAMS 0x000000008c200000, 0x000000008c200000| Untracked 
| 195|0x000000008c300000, 0x000000008c300000, 0x000000008c400000|  0%| F|  |TAMS 0x000000008c300000, 0x000000008c300000| Untracked 
| 196|0x000000008c400000, 0x000000008c400000, 0x000000008c500000|  0%| F|  |TAMS 0x000000008c400000, 0x000000008c400000| Untracked 
| 197|0x000000008c500000, 0x000000008c500000, 0x000000008c600000|  0%| F|  |TAMS 0x000000008c500000, 0x000000008c500000| Untracked 
| 198|0x000000008c600000, 0x000000008c600000, 0x000000008c700000|  0%| F|  |TAMS 0x000000008c600000, 0x000000008c600000| Untracked 
| 199|0x000000008c700000, 0x000000008c700000, 0x000000008c800000|  0%| F|  |TAMS 0x000000008c700000, 0x000000008c700000| Untracked 
| 200|0x000000008c800000, 0x000000008c800000, 0x000000008c900000|  0%| F|  |TAMS 0x000000008c800000, 0x000000008c800000| Untracked 
| 201|0x000000008c900000, 0x000000008c900000, 0x000000008ca00000|  0%| F|  |TAMS 0x000000008c900000, 0x000000008c900000| Untracked 
| 202|0x000000008ca00000, 0x000000008ca00000, 0x000000008cb00000|  0%| F|  |TAMS 0x000000008ca00000, 0x000000008ca00000| Untracked 
| 203|0x000000008cb00000, 0x000000008cb00000, 0x000000008cc00000|  0%| F|  |TAMS 0x000000008cb00000, 0x000000008cb00000| Untracked 
| 204|0x000000008cc00000, 0x000000008cc00000, 0x000000008cd00000|  0%| F|  |TAMS 0x000000008cc00000, 0x000000008cc00000| Untracked 
| 205|0x000000008cd00000, 0x000000008cd00000, 0x000000008ce00000|  0%| F|  |TAMS 0x000000008cd00000, 0x000000008cd00000| Untracked 
| 206|0x000000008ce00000, 0x000000008ce00000, 0x000000008cf00000|  0%| F|  |TAMS 0x000000008ce00000, 0x000000008ce00000| Untracked 
| 207|0x000000008cf00000, 0x000000008cf00000, 0x000000008d000000|  0%| F|  |TAMS 0x000000008cf00000, 0x000000008cf00000| Untracked 
| 208|0x000000008d000000, 0x000000008d000000, 0x000000008d100000|  0%| F|  |TAMS 0x000000008d000000, 0x000000008d000000| Untracked 
| 209|0x000000008d100000, 0x000000008d100000, 0x000000008d200000|  0%| F|  |TAMS 0x000000008d100000, 0x000000008d100000| Untracked 
| 210|0x000000008d200000, 0x000000008d200000, 0x000000008d300000|  0%| F|  |TAMS 0x000000008d200000, 0x000000008d200000| Untracked 
| 211|0x000000008d300000, 0x000000008d300000, 0x000000008d400000|  0%| F|  |TAMS 0x000000008d300000, 0x000000008d300000| Untracked 
| 212|0x000000008d400000, 0x000000008d400000, 0x000000008d500000|  0%| F|  |TAMS 0x000000008d400000, 0x000000008d400000| Untracked 
| 213|0x000000008d500000, 0x000000008d500000, 0x000000008d600000|  0%| F|  |TAMS 0x000000008d500000, 0x000000008d500000| Untracked 
| 214|0x000000008d600000, 0x000000008d600000, 0x000000008d700000|  0%| F|  |TAMS 0x000000008d600000, 0x000000008d600000| Untracked 
| 215|0x000000008d700000, 0x000000008d700000, 0x000000008d800000|  0%| F|  |TAMS 0x000000008d700000, 0x000000008d700000| Untracked 
| 216|0x000000008d800000, 0x000000008d800000, 0x000000008d900000|  0%| F|  |TAMS 0x000000008d800000, 0x000000008d800000| Untracked 
| 217|0x000000008d900000, 0x000000008d900000, 0x000000008da00000|  0%| F|  |TAMS 0x000000008d900000, 0x000000008d900000| Untracked 
| 218|0x000000008da00000, 0x000000008da00000, 0x000000008db00000|  0%| F|  |TAMS 0x000000008da00000, 0x000000008da00000| Untracked 
| 219|0x000000008db00000, 0x000000008db00000, 0x000000008dc00000|  0%| F|  |TAMS 0x000000008db00000, 0x000000008db00000| Untracked 
| 220|0x000000008dc00000, 0x000000008dc00000, 0x000000008dd00000|  0%| F|  |TAMS 0x000000008dc00000, 0x000000008dc00000| Untracked 
| 221|0x000000008dd00000, 0x000000008dd00000, 0x000000008de00000|  0%| F|  |TAMS 0x000000008dd00000, 0x000000008dd00000| Untracked 
| 222|0x000000008de00000, 0x000000008de00000, 0x000000008df00000|  0%| F|  |TAMS 0x000000008de00000, 0x000000008de00000| Untracked 
| 223|0x000000008df00000, 0x000000008df00000, 0x000000008e000000|  0%| F|  |TAMS 0x000000008df00000, 0x000000008df00000| Untracked 
| 224|0x000000008e000000, 0x000000008e000000, 0x000000008e100000|  0%| F|  |TAMS 0x000000008e000000, 0x000000008e000000| Untracked 
| 225|0x000000008e100000, 0x000000008e100000, 0x000000008e200000|  0%| F|  |TAMS 0x000000008e100000, 0x000000008e100000| Untracked 
| 226|0x000000008e200000, 0x000000008e200000, 0x000000008e300000|  0%| F|  |TAMS 0x000000008e200000, 0x000000008e200000| Untracked 
| 227|0x000000008e300000, 0x000000008e300000, 0x000000008e400000|  0%| F|  |TAMS 0x000000008e300000, 0x000000008e300000| Untracked 
| 228|0x000000008e400000, 0x000000008e400000, 0x000000008e500000|  0%| F|  |TAMS 0x000000008e400000, 0x000000008e400000| Untracked 
| 229|0x000000008e500000, 0x000000008e500000, 0x000000008e600000|  0%| F|  |TAMS 0x000000008e500000, 0x000000008e500000| Untracked 
| 230|0x000000008e600000, 0x000000008e600000, 0x000000008e700000|  0%| F|  |TAMS 0x000000008e600000, 0x000000008e600000| Untracked 
| 231|0x000000008e700000, 0x000000008e700000, 0x000000008e800000|  0%| F|  |TAMS 0x000000008e700000, 0x000000008e700000| Untracked 
| 232|0x000000008e800000, 0x000000008e800000, 0x000000008e900000|  0%| F|  |TAMS 0x000000008e800000, 0x000000008e800000| Untracked 
| 233|0x000000008e900000, 0x000000008e900000, 0x000000008ea00000|  0%| F|  |TAMS 0x000000008e900000, 0x000000008e900000| Untracked 
| 234|0x000000008ea00000, 0x000000008ea00000, 0x000000008eb00000|  0%| F|  |TAMS 0x000000008ea00000, 0x000000008ea00000| Untracked 
| 235|0x000000008eb00000, 0x000000008eb00000, 0x000000008ec00000|  0%| F|  |TAMS 0x000000008eb00000, 0x000000008eb00000| Untracked 
| 236|0x000000008ec00000, 0x000000008ec00000, 0x000000008ed00000|  0%| F|  |TAMS 0x000000008ec00000, 0x000000008ec00000| Untracked 
| 237|0x000000008ed00000, 0x000000008ed00000, 0x000000008ee00000|  0%| F|  |TAMS 0x000000008ed00000, 0x000000008ed00000| Untracked 
| 238|0x000000008ee00000, 0x000000008eea33e0, 0x000000008ef00000| 63%| S|CS|TAMS 0x000000008ee00000, 0x000000008ee00000| Complete 
| 239|0x000000008ef00000, 0x000000008ef00000, 0x000000008f000000|  0%| F|  |TAMS 0x000000008ef00000, 0x000000008ef00000| Untracked 
| 240|0x000000008f000000, 0x000000008f000000, 0x000000008f100000|  0%| F|  |TAMS 0x000000008f000000, 0x000000008f000000| Untracked 
| 241|0x000000008f100000, 0x000000008f100000, 0x000000008f200000|  0%| F|  |TAMS 0x000000008f100000, 0x000000008f100000| Untracked 
| 255|0x000000008ff00000, 0x000000008ff00000, 0x0000000090000000|  0%| F|  |TAMS 0x000000008ff00000, 0x000000008ff00000| Untracked 
| 256|0x0000000090000000, 0x000000009008fdd8, 0x0000000090100000| 56%| E|  |TAMS 0x0000000090000000, 0x0000000090000000| Complete 
| 257|0x0000000090100000, 0x0000000090200000, 0x0000000090200000|100%| E|CS|TAMS 0x0000000090100000, 0x0000000090100000| Complete 
|2046|0x00000000ffe00000, 0x00000000fff00000, 0x00000000fff00000|100%| O|  |TAMS 0x00000000fff00000, 0x00000000ffe00000| Untracked 
|2047|0x00000000fff00000, 0x0000000100000000, 0x0000000100000000|100%| E|CS|TAMS 0x00000000fff00000, 0x00000000fff00000| Complete 

Card table byte_map: [0x000001d8ce730000,0x000001d8ceb30000] _byte_map_base: 0x000001d8ce330000

Marking Bits (Prev, Next): (CMBitMap*) 0x000001d8b9c72d40, (CMBitMap*) 0x000001d8b9c72d00
 Prev Bits: [0x000001d8d0f30000, 0x000001d8d2f30000)
 Next Bits: [0x000001d8cef30000, 0x000001d8d0f30000)

Polling page: 0x000001d8b9cd0000

Metaspace:

Usage:
  Non-class:    104.76 MB used.
      Class:     16.97 MB used.
       Both:    121.73 MB used.

Virtual space:
  Non-class space:      128.00 MB reserved,     105.25 MB ( 82%) committed,  2 nodes.
      Class space:        1.00 GB reserved,      17.44 MB (  2%) committed,  1 nodes.
             Both:        1.13 GB reserved,     122.69 MB ( 11%) committed. 

Chunk freelists:
   Non-Class:  5.85 MB
       Class:  14.38 MB
        Both:  20.23 MB

MaxMetaspaceSize: unlimited
CompressedClassSpaceSize: 1.00 GB
Initial GC threshold: 21.00 MB
Current GC threshold: 204.06 MB
CDS: off
MetaspaceReclaimPolicy: balanced
 - commit_granule_bytes: 65536.
 - commit_granule_words: 8192.
 - virtual_space_node_default_size: 8388608.
 - enlarge_chunks_in_place: 1.
 - new_chunks_are_fully_committed: 0.
 - uncommit_free_chunks: 1.
 - use_allocation_guard: 0.
 - handle_deallocations: 1.


Internal statistics:

num_allocs_failed_limit: 12.
num_arena_births: 1690.
num_arena_deaths: 16.
num_vsnodes_births: 3.
num_vsnodes_deaths: 0.
num_space_committed: 1962.
num_space_uncommitted: 0.
num_chunks_returned_to_freelist: 34.
num_chunks_taken_from_freelist: 6620.
num_chunk_merges: 17.
num_chunk_splits: 4274.
num_chunks_enlarged: 2774.
num_inconsistent_stats: 0.

CodeHeap 'non-profiled nmethods': size=120000Kb used=9407Kb max_used=9407Kb free=110592Kb
 bounds [0x000001d8c6380000, 0x000001d8c6cb0000, 0x000001d8cd8b0000]
CodeHeap 'profiled nmethods': size=120000Kb used=27919Kb max_used=27919Kb free=92080Kb
 bounds [0x000001d8be8b0000, 0x000001d8c0400000, 0x000001d8c5de0000]
CodeHeap 'non-nmethods': size=5760Kb used=2457Kb max_used=2548Kb free=3303Kb
 bounds [0x000001d8c5de0000, 0x000001d8c6070000, 0x000001d8c6380000]
 total_blobs=15303 nmethods=14298 adapters=917
 compilation: enabled
              stopped_count=0, restarted_count=0
 full_count=0

Compilation events (20 events):
Event: 163.396 Thread 0x000001d8d5c11fa0 16500       3       java.lang.Thread::run (17 bytes)
Event: 163.397 Thread 0x000001d8d5c11fa0 nmethod 16500 0x000001d8c03e7a10 code [0x000001d8c03e7bc0, 0x000001d8c03e7dc8]
Event: 163.398 Thread 0x000001d8df74a070 nmethod 16494 0x000001d8c6cab190 code [0x000001d8c6cab320, 0x000001d8c6cab738]
Event: 163.398 Thread 0x000001d8df74a070 16490       4       org.gradle.internal.service.DefaultServiceRegistry$ClassInspector$ClassDetails::hasAnnotation (44 bytes)
Event: 163.399 Thread 0x000001d8d5c11fa0 16501       3       java.io.File::getCanonicalPath (31 bytes)
Event: 163.400 Thread 0x000001d8d5c11fa0 nmethod 16501 0x000001d8c03e7e90 code [0x000001d8c03e8060, 0x000001d8c03e8318]
Event: 163.400 Thread 0x000001d8d5c11fa0 16502       3       java.io.WinNTFileSystem::canonicalize (372 bytes)
Event: 163.403 Thread 0x000001d8d5c11fa0 nmethod 16502 0x000001d8c03e8410 code [0x000001d8c03e8a40, 0x000001d8c03ebe18]
Event: 163.403 Thread 0x000001d8d5c11fa0 16503       3       org.gradle.internal.extensibility.ExtensibleDynamicObject::updateDelegates (149 bytes)
Event: 163.403 Thread 0x000001d8d5c11fa0 nmethod 16503 0x000001d8c03ecf10 code [0x000001d8c03ed160, 0x000001d8c03ee2b8]
Event: 163.405 Thread 0x000001d8d5c11fa0 16504       3       java.lang.invoke.Invokers::checkCustomized (23 bytes)
Event: 163.405 Thread 0x000001d8d5c11fa0 nmethod 16504 0x000001d8c03ee610 code [0x000001d8c03ee7c0, 0x000001d8c03ee988]
Event: 163.405 Thread 0x000001d8d5c11fa0 16505       3       jdk.internal.reflect.AccessorGenerator::isStatic (8 bytes)
Event: 163.405 Thread 0x000001d8d5c11fa0 nmethod 16505 0x000001d8c03eea90 code [0x000001d8c03eec20, 0x000001d8c03eedf8]
Event: 163.407 Thread 0x000001d8d5c11fa0 16506       3       kotlin.jvm.internal.FunctionReference::<init> (37 bytes)
Event: 163.407 Thread 0x000001d8d5c11fa0 nmethod 16506 0x000001d8c03eee90 code [0x000001d8c03ef040, 0x000001d8c03ef3f8]
Event: 163.407 Thread 0x000001d8d5c11fa0 16509       1       org.gradle.internal.service.DefaultServiceRegistry$ThisAsService::get (5 bytes)
Event: 163.408 Thread 0x000001d8d5c11fa0 nmethod 16509 0x000001d8c6cab890 code [0x000001d8c6caba20, 0x000001d8c6cabaf8]
Event: 163.409 Thread 0x000001d8df74d310 nmethod 16492 0x000001d8c6cabb90 code [0x000001d8c6cabd80, 0x000001d8c6cacd38]
Event: 163.409 Thread 0x000001d8df74d310 16508       4       org.gradle.internal.service.DefaultServiceRegistry$OwnServices::collectProvidersForClassHierarchy (95 bytes)

GC Heap History (20 events):
Event: 8.697 GC heap before
{Heap before GC invocations=29 (full 0):
 garbage-first heap   total 242688K, used 191232K [0x0000000080000000, 0x0000000100000000)
  region size 1024K, 99 young (101376K), 14 survivors (14336K)
 Metaspace       used 99277K, committed 100032K, reserved 1179648K
  class space    used 13776K, committed 14144K, reserved 1048576K
}
Event: 8.707 GC heap after
{Heap after GC invocations=30 (full 0):
 garbage-first heap   total 242688K, used 113709K [0x0000000080000000, 0x0000000100000000)
  region size 1024K, 9 young (9216K), 9 survivors (9216K)
 Metaspace       used 99277K, committed 100032K, reserved 1179648K
  class space    used 13776K, committed 14144K, reserved 1048576K
}
Event: 9.050 GC heap before
{Heap before GC invocations=30 (full 0):
 garbage-first heap   total 242688K, used 192557K [0x0000000080000000, 0x0000000100000000)
  region size 1024K, 87 young (89088K), 9 survivors (9216K)
 Metaspace       used 99796K, committed 100608K, reserved 1179648K
  class space    used 13818K, committed 14208K, reserved 1048576K
}
Event: 9.056 GC heap after
{Heap after GC invocations=31 (full 0):
 garbage-first heap   total 242688K, used 118986K [0x0000000080000000, 0x0000000100000000)
  region size 1024K, 8 young (8192K), 8 survivors (8192K)
 Metaspace       used 99796K, committed 100608K, reserved 1179648K
  class space    used 13818K, committed 14208K, reserved 1048576K
}
Event: 9.526 GC heap before
{Heap before GC invocations=31 (full 0):
 garbage-first heap   total 242688K, used 194762K [0x0000000080000000, 0x0000000100000000)
  region size 1024K, 83 young (84992K), 8 survivors (8192K)
 Metaspace       used 103253K, committed 104064K, reserved 1179648K
  class space    used 14253K, committed 14656K, reserved 1048576K
}
Event: 9.534 GC heap after
{Heap after GC invocations=32 (full 0):
 garbage-first heap   total 242688K, used 123978K [0x0000000080000000, 0x0000000100000000)
  region size 1024K, 8 young (8192K), 8 survivors (8192K)
 Metaspace       used 103253K, committed 104064K, reserved 1179648K
  class space    used 14253K, committed 14656K, reserved 1048576K
}
Event: 14.677 GC heap before
{Heap before GC invocations=33 (full 0):
 garbage-first heap   total 242688K, used 200778K [0x0000000080000000, 0x0000000100000000)
  region size 1024K, 79 young (80896K), 8 survivors (8192K)
 Metaspace       used 106425K, committed 107264K, reserved 1179648K
  class space    used 14692K, committed 15104K, reserved 1048576K
}
Event: 14.683 GC heap after
{Heap after GC invocations=34 (full 0):
 garbage-first heap   total 242688K, used 128311K [0x0000000080000000, 0x0000000100000000)
  region size 1024K, 6 young (6144K), 6 survivors (6144K)
 Metaspace       used 106425K, committed 107264K, reserved 1179648K
  class space    used 14692K, committed 15104K, reserved 1048576K
}
Event: 14.729 GC heap before
{Heap before GC invocations=34 (full 0):
 garbage-first heap   total 242688K, used 132407K [0x0000000080000000, 0x0000000100000000)
  region size 1024K, 11 young (11264K), 6 survivors (6144K)
 Metaspace       used 106904K, committed 107776K, reserved 1179648K
  class space    used 14749K, committed 15168K, reserved 1048576K
}
Event: 14.732 GC heap after
{Heap after GC invocations=35 (full 0):
 garbage-first heap   total 242688K, used 127244K [0x0000000080000000, 0x0000000100000000)
  region size 1024K, 2 young (2048K), 2 survivors (2048K)
 Metaspace       used 106904K, committed 107776K, reserved 1179648K
  class space    used 14749K, committed 15168K, reserved 1048576K
}
Event: 15.359 GC heap before
{Heap before GC invocations=35 (full 0):
 garbage-first heap   total 242688K, used 196876K [0x0000000080000000, 0x0000000100000000)
  region size 1024K, 71 young (72704K), 2 survivors (2048K)
 Metaspace       used 117217K, committed 118144K, reserved 1179648K
  class space    used 16275K, committed 16768K, reserved 1048576K
}
Event: 15.361 GC heap after
{Heap after GC invocations=36 (full 0):
 garbage-first heap   total 242688K, used 128204K [0x0000000080000000, 0x0000000100000000)
  region size 1024K, 2 young (2048K), 2 survivors (2048K)
 Metaspace       used 117217K, committed 118144K, reserved 1179648K
  class space    used 16275K, committed 16768K, reserved 1048576K
}
Event: 111.179 GC heap before
{Heap before GC invocations=37 (full 0):
 garbage-first heap   total 242688K, used 230604K [0x0000000080000000, 0x0000000100000000)
  region size 1024K, 73 young (74752K), 2 survivors (2048K)
 Metaspace       used 123244K, committed 124160K, reserved 1179648K
  class space    used 17317K, committed 17792K, reserved 1048576K
}
Event: 111.184 GC heap after
{Heap after GC invocations=38 (full 0):
 garbage-first heap   total 242688K, used 132010K [0x0000000080000000, 0x0000000100000000)
  region size 1024K, 6 young (6144K), 6 survivors (6144K)
 Metaspace       used 123244K, committed 124160K, reserved 1179648K
  class space    used 17317K, committed 17792K, reserved 1048576K
}
Event: 111.192 GC heap before
{Heap before GC invocations=38 (full 0):
 garbage-first heap   total 242688K, used 137130K [0x0000000080000000, 0x0000000100000000)
  region size 1024K, 11 young (11264K), 6 survivors (6144K)
 Metaspace       used 123244K, committed 124160K, reserved 1179648K
  class space    used 17317K, committed 17792K, reserved 1048576K
}
Event: 111.196 GC heap after
{Heap after GC invocations=39 (full 0):
 garbage-first heap   total 242688K, used 130930K [0x0000000080000000, 0x0000000100000000)
  region size 1024K, 1 young (1024K), 1 survivors (1024K)
 Metaspace       used 123244K, committed 124160K, reserved 1179648K
  class space    used 17317K, committed 17792K, reserved 1048576K
}
Event: 111.745 GC heap before
{Heap before GC invocations=39 (full 0):
 garbage-first heap   total 242688K, used 202610K [0x0000000080000000, 0x0000000100000000)
  region size 1024K, 71 young (72704K), 1 survivors (1024K)
 Metaspace       used 123920K, committed 124800K, reserved 1179648K
  class space    used 17336K, committed 17792K, reserved 1048576K
}
Event: 111.750 GC heap after
{Heap after GC invocations=40 (full 0):
 garbage-first heap   total 242688K, used 139211K [0x0000000080000000, 0x0000000100000000)
  region size 1024K, 9 young (9216K), 9 survivors (9216K)
 Metaspace       used 123920K, committed 124800K, reserved 1179648K
  class space    used 17336K, committed 17792K, reserved 1048576K
}
Event: 116.850 GC heap before
{Heap before GC invocations=40 (full 0):
 garbage-first heap   total 242688K, used 200651K [0x0000000080000000, 0x0000000100000000)
  region size 1024K, 70 young (71680K), 9 survivors (9216K)
 Metaspace       used 124314K, committed 125248K, reserved 1179648K
  class space    used 17359K, committed 17856K, reserved 1048576K
}
Event: 116.857 GC heap after
{Heap after GC invocations=41 (full 0):
 garbage-first heap   total 242688K, used 145310K [0x0000000080000000, 0x0000000100000000)
  region size 1024K, 7 young (7168K), 7 survivors (7168K)
 Metaspace       used 124314K, committed 125248K, reserved 1179648K
  class space    used 17359K, committed 17856K, reserved 1048576K
}

Dll operation events (3 events):
Event: 0.005 Loaded shared library C:\Program Files\Android\Android Studio\jbr\bin\java.dll
Event: 0.088 Loaded shared library C:\Program Files\Android\Android Studio\jbr\bin\zip.dll
Event: 0.233 Loaded shared library C:\Program Files\Android\Android Studio\jbr\bin\verify.dll

Deoptimization events (20 events):
Event: 117.140 Thread 0x000001d8e69b5860 Uncommon trap: trap_request=0xffffffbe fr.pc=0x000001d8c68da6e8 relative=0x00000000000001c8
Event: 117.140 Thread 0x000001d8e69b5860 Uncommon trap: reason=profile_predicate action=maybe_recompile pc=0x000001d8c68da6e8 method=java.util.LinkedHashMap.keysToArray([Ljava/lang/Object;)[Ljava/lang/Object; @ 12 c2
Event: 117.140 Thread 0x000001d8e69b5860 DEOPT PACKING pc=0x000001d8c68da6e8 sp=0x0000005ccd9f82f0
Event: 117.140 Thread 0x000001d8e69b5860 DEOPT UNPACKING pc=0x000001d8c5e369a3 sp=0x0000005ccd9f82a8 mode 2
Event: 117.168 Thread 0x000001d8dd6b5090 Uncommon trap: trap_request=0xffffffd6 fr.pc=0x000001d8c6c6f260 relative=0x00000000000003c0
Event: 117.168 Thread 0x000001d8dd6b5090 Uncommon trap: reason=array_check action=maybe_recompile pc=0x000001d8c6c6f260 method=java.util.LinkedHashMap.keysToArray([Ljava/lang/Object;)[Ljava/lang/Object; @ 25 c2
Event: 117.169 Thread 0x000001d8dd6b5090 DEOPT PACKING pc=0x000001d8c6c6f260 sp=0x0000005ccdbfac20
Event: 117.169 Thread 0x000001d8dd6b5090 DEOPT UNPACKING pc=0x000001d8c5e369a3 sp=0x0000005ccdbfabc8 mode 2
Event: 117.256 Thread 0x000001d8dd6b7710 Uncommon trap: trap_request=0xffffffc6 fr.pc=0x000001d8c69ba5c4 relative=0x0000000000000304
Event: 117.256 Thread 0x000001d8dd6b7710 Uncommon trap: reason=bimorphic_or_optimized_type_check action=maybe_recompile pc=0x000001d8c69ba5c4 method=org.gradle.internal.snapshot.ChildMapFactory.childMapFromSorted(Ljava/util/List;)Lorg/gradle/internal/snapshot/ChildMap; @ 1 c2
Event: 117.256 Thread 0x000001d8dd6b7710 DEOPT PACKING pc=0x000001d8c69ba5c4 sp=0x0000005cce0fe4d0
Event: 117.256 Thread 0x000001d8dd6b7710 DEOPT UNPACKING pc=0x000001d8c5e369a3 sp=0x0000005cce0fe498 mode 2
Event: 117.321 Thread 0x000001d8df6c9060 Uncommon trap: trap_request=0xffffff45 fr.pc=0x000001d8c6880d64 relative=0x00000000000002c4
Event: 117.321 Thread 0x000001d8df6c9060 Uncommon trap: reason=unstable_if action=reinterpret pc=0x000001d8c6880d64 method=com.esotericsoftware.kryo.io.Input.require(I)I @ 180 c2
Event: 117.321 Thread 0x000001d8df6c9060 DEOPT PACKING pc=0x000001d8c6880d64 sp=0x0000005cc8dfef50
Event: 117.321 Thread 0x000001d8df6c9060 DEOPT UNPACKING pc=0x000001d8c5e369a3 sp=0x0000005cc8dfef18 mode 2
Event: 163.377 Thread 0x000001d8dc38afd0 Uncommon trap: trap_request=0xffffff45 fr.pc=0x000001d8c663c940 relative=0x0000000000000b00
Event: 163.377 Thread 0x000001d8dc38afd0 Uncommon trap: reason=unstable_if action=reinterpret pc=0x000001d8c663c940 method=java.lang.Integer.stringSize(I)I @ 19 c2
Event: 163.377 Thread 0x000001d8dc38afd0 DEOPT PACKING pc=0x000001d8c663c940 sp=0x0000005cca9fe9b0
Event: 163.377 Thread 0x000001d8dc38afd0 DEOPT UNPACKING pc=0x000001d8c5e369a3 sp=0x0000005cca9fe8f8 mode 2

Classes unloaded (8 events):
Event: 9.598 Thread 0x000001d8d5a3ea30 Unloading class 0x0000000100dc1c00 'java/lang/invoke/LambdaForm$DMH+0x0000000100dc1c00'
Event: 9.598 Thread 0x000001d8d5a3ea30 Unloading class 0x0000000100dc1800 'java/lang/invoke/LambdaForm$DMH+0x0000000100dc1800'
Event: 9.598 Thread 0x000001d8d5a3ea30 Unloading class 0x0000000100dc0c00 'java/lang/invoke/LambdaForm$DMH+0x0000000100dc0c00'
Event: 9.598 Thread 0x000001d8d5a3ea30 Unloading class 0x0000000100dc0800 'java/lang/invoke/LambdaForm$DMH+0x0000000100dc0800'
Event: 9.598 Thread 0x000001d8d5a3ea30 Unloading class 0x0000000100dc1000 'java/lang/invoke/LambdaForm$DMH+0x0000000100dc1000'
Event: 9.598 Thread 0x000001d8d5a3ea30 Unloading class 0x0000000100dc0000 'java/lang/invoke/LambdaForm$DMH+0x0000000100dc0000'
Event: 9.598 Thread 0x000001d8d5a3ea30 Unloading class 0x0000000100dc1400 'java/lang/invoke/LambdaForm$DMH+0x0000000100dc1400'
Event: 15.428 Thread 0x000001d8d5a3ea30 Unloading class 0x0000000100eb4000 'jdk/internal/reflect/GeneratedSerializationConstructorAccessor146'

Classes redefined (0 events):
No events

Internal exceptions (20 events):
Event: 116.632 Thread 0x000001d8dcdbc3b0 Exception <a 'sun/nio/fs/WindowsException'{0x000000008d7bb4d0}> (0x000000008d7bb4d0) 
thrown [s\src\hotspot\share\prims\jni.cpp, line 517]
Event: 116.633 Thread 0x000001d8dcdbc3b0 Exception <a 'sun/nio/fs/WindowsException'{0x000000008d7bcaa0}> (0x000000008d7bcaa0) 
thrown [s\src\hotspot\share\prims\jni.cpp, line 517]
Event: 116.772 Thread 0x000001d8dcdbc3b0 Exception <a 'sun/nio/fs/WindowsException'{0x000000008b8b9e38}> (0x000000008b8b9e38) 
thrown [s\src\hotspot\share\prims\jni.cpp, line 517]
Event: 116.858 Thread 0x000001d8dcdbc3b0 Implicit null exception at 0x000001d8c676b60b to 0x000001d8c676b9c5
Event: 116.906 Thread 0x000001d8dcdbc3b0 Exception <a 'sun/nio/fs/WindowsException'{0x000000008e7ab618}> (0x000000008e7ab618) 
thrown [s\src\hotspot\share\prims\jni.cpp, line 517]
Event: 116.916 Thread 0x000001d8dcdbc3b0 Exception <a 'sun/nio/fs/WindowsException'{0x000000008e641110}> (0x000000008e641110) 
thrown [s\src\hotspot\share\prims\jni.cpp, line 517]
Event: 116.916 Thread 0x000001d8dcdbc3b0 Exception <a 'sun/nio/fs/WindowsException'{0x000000008e6423a8}> (0x000000008e6423a8) 
thrown [s\src\hotspot\share\prims\jni.cpp, line 517]
Event: 116.916 Thread 0x000001d8dcdbc3b0 Exception <a 'sun/nio/fs/WindowsException'{0x000000008e6436e8}> (0x000000008e6436e8) 
thrown [s\src\hotspot\share\prims\jni.cpp, line 517]
Event: 116.916 Thread 0x000001d8dcdbc3b0 Exception <a 'sun/nio/fs/WindowsException'{0x000000008e644a28}> (0x000000008e644a28) 
thrown [s\src\hotspot\share\prims\jni.cpp, line 517]
Event: 116.988 Thread 0x000001d8dd6b5560 Exception <a 'sun/nio/fs/WindowsException'{0x000000008ed67048}> (0x000000008ed67048) 
thrown [s\src\hotspot\share\prims\jni.cpp, line 517]
Event: 117.189 Thread 0x000001d8dd6b5090 Exception <a 'sun/nio/fs/WindowsException'{0x000000008cf8db70}> (0x000000008cf8db70) 
thrown [s\src\hotspot\share\prims\jni.cpp, line 517]
Event: 117.245 Thread 0x000001d8dd6b7710 Exception <a 'sun/nio/fs/WindowsException'{0x000000008c8e2440}> (0x000000008c8e2440) 
thrown [s\src\hotspot\share\prims\jni.cpp, line 517]
Event: 117.249 Thread 0x000001d8dd6b7710 Exception <a 'sun/nio/fs/WindowsException'{0x000000008c7c0330}> (0x000000008c7c0330) 
thrown [s\src\hotspot\share\prims\jni.cpp, line 517]
Event: 117.273 Thread 0x000001d8dcdbc3b0 Exception <a 'sun/nio/fs/WindowsException'{0x000000008eed8860}> (0x000000008eed8860) 
thrown [s\src\hotspot\share\prims\jni.cpp, line 517]
Event: 117.273 Thread 0x000001d8dcdbc3b0 Exception <a 'sun/nio/fs/WindowsException'{0x000000008eed8bf0}> (0x000000008eed8bf0) 
thrown [s\src\hotspot\share\prims\jni.cpp, line 517]
Event: 117.273 Thread 0x000001d8dcdbc3b0 Exception <a 'sun/nio/fs/WindowsException'{0x000000008eedaaa8}> (0x000000008eedaaa8) 
thrown [s\src\hotspot\share\prims\jni.cpp, line 517]
Event: 163.403 Thread 0x000001d8dcdbc3b0 Exception <a 'sun/nio/fs/WindowsException'{0x000000008c0d4bd8}> (0x000000008c0d4bd8) 
thrown [s\src\hotspot\share\prims\jni.cpp, line 517]
Event: 163.404 Thread 0x000001d8dcdbc3b0 Exception <a 'sun/nio/fs/WindowsException'{0x000000008c0d61b8}> (0x000000008c0d61b8) 
thrown [s\src\hotspot\share\prims\jni.cpp, line 517]
Event: 163.404 Thread 0x000001d8dcdbc3b0 Exception <a 'sun/nio/fs/WindowsException'{0x000000008c0d7798}> (0x000000008c0d7798) 
thrown [s\src\hotspot\share\prims\jni.cpp, line 517]
Event: 163.404 Thread 0x000001d8dcdbc3b0 Exception <a 'sun/nio/fs/WindowsException'{0x000000008c0d8d68}> (0x000000008c0d8d68) 
thrown [s\src\hotspot\share\prims\jni.cpp, line 517]

VM Operations (20 events):
Event: 112.008 Executing VM operation: ICBufferFull
Event: 112.008 Executing VM operation: ICBufferFull done
Event: 114.008 Executing VM operation: Cleanup
Event: 114.009 Executing VM operation: Cleanup done
Event: 116.780 Executing VM operation: ICBufferFull
Event: 116.781 Executing VM operation: ICBufferFull done
Event: 116.850 Executing VM operation: G1CollectForAllocation
Event: 116.857 Executing VM operation: G1CollectForAllocation done
Event: 116.926 Executing VM operation: G1Concurrent
Event: 116.930 Executing VM operation: G1Concurrent done
Event: 116.968 Executing VM operation: G1Concurrent
Event: 116.969 Executing VM operation: G1Concurrent done
Event: 117.157 Executing VM operation: ICBufferFull
Event: 117.157 Executing VM operation: ICBufferFull done
Event: 119.158 Executing VM operation: Cleanup
Event: 119.158 Executing VM operation: Cleanup done
Event: 131.164 Executing VM operation: Cleanup
Event: 131.164 Executing VM operation: Cleanup done
Event: 138.167 Executing VM operation: Cleanup
Event: 138.167 Executing VM operation: Cleanup done

Events (20 events):
Event: 117.297 Thread 0x000001d8dd6b68a0 Thread exited: 0x000001d8dd6b68a0
Event: 117.307 Thread 0x000001d8df6ca3a0 Thread exited: 0x000001d8df6ca3a0
Event: 117.307 Thread 0x000001d8e0e9b760 Thread exited: 0x000001d8e0e9b760
Event: 117.317 Thread 0x000001d8e0e9caa0 Thread exited: 0x000001d8e0e9caa0
Event: 117.320 Thread 0x000001d8df6cb210 Thread exited: 0x000001d8df6cb210
Event: 117.322 Thread 0x000001d8df6c9060 Thread exited: 0x000001d8df6c9060
Event: 119.692 Thread 0x000001d8df74a070 Thread exited: 0x000001d8df74a070
Event: 120.853 Thread 0x000001d8df74ce00 Thread exited: 0x000001d8df74ce00
Event: 135.980 Thread 0x000001d8dd034e70 Thread exited: 0x000001d8dd034e70
Event: 163.378 Thread 0x000001d8e69b83b0 Thread added: 0x000001d8e69b83b0
Event: 163.380 Thread 0x000001d8e69b7070 Thread added: 0x000001d8e69b7070
Event: 163.383 Thread 0x000001d8e69b7ee0 Thread added: 0x000001d8e69b7ee0
Event: 163.384 Thread 0x000001d8e69b7a10 Thread added: 0x000001d8e69b7a10
Event: 163.384 Thread 0x000001d8e69b5390 Thread added: 0x000001d8e69b5390
Event: 163.392 Thread 0x000001d8df74a070 Thread added: 0x000001d8df74a070
Event: 163.392 Thread 0x000001d8df74d310 Thread added: 0x000001d8df74d310
Event: 163.395 Thread 0x000001d8e69b49f0 Thread added: 0x000001d8e69b49f0
Event: 163.396 Thread 0x000001d8e69b66d0 Thread added: 0x000001d8e69b66d0
Event: 163.398 Thread 0x000001d8e69b4ec0 Thread added: 0x000001d8e69b4ec0
Event: 163.399 Thread 0x000001d8e69b6200 Thread added: 0x000001d8e69b6200


Dynamic libraries:
0x00007ff675fc0000 - 0x00007ff675fca000 	C:\Program Files\Android\Android Studio\jbr\bin\java.exe
0x00007ffb7fab0000 - 0x00007ffb7fc9e000 	C:\Windows\SYSTEM32\ntdll.dll
0x00007ffb7f110000 - 0x00007ffb7f1c3000 	C:\Windows\System32\KERNEL32.DLL
0x00007ffb7c930000 - 0x00007ffb7cbcd000 	C:\Windows\System32\KERNELBASE.dll
0x00007ffb7c370000 - 0x00007ffb7c46a000 	C:\Windows\System32\ucrtbase.dll
0x00007ffb44c40000 - 0x00007ffb44c57000 	C:\Program Files\Android\Android Studio\jbr\bin\jli.dll
0x00007ffb249a0000 - 0x00007ffb249bb000 	C:\Program Files\Android\Android Studio\jbr\bin\VCRUNTIME140.dll
0x00007ffb7d090000 - 0x00007ffb7d227000 	C:\Windows\System32\USER32.dll
0x00007ffb5e110000 - 0x00007ffb5e389000 	C:\Windows\WinSxS\amd64_microsoft.windows.common-controls_6595b64144ccf1df_6.0.17763.5696_none_de7663245346b1ca\COMCTL32.dll
0x00007ffb7c620000 - 0x00007ffb7c640000 	C:\Windows\System32\win32u.dll
0x00007ffb7ec70000 - 0x00007ffb7ed0e000 	C:\Windows\System32\msvcrt.dll
0x00007ffb7f060000 - 0x00007ffb7f089000 	C:\Windows\System32\GDI32.dll
0x00007ffb7d230000 - 0x00007ffb7d55b000 	C:\Windows\System32\combase.dll
0x00007ffb7c470000 - 0x00007ffb7c61a000 	C:\Windows\System32\gdi32full.dll
0x00007ffb7cf10000 - 0x00007ffb7d028000 	C:\Windows\System32\RPCRT4.dll
0x00007ffb7bb80000 - 0x00007ffb7bc20000 	C:\Windows\System32\msvcp_win.dll
0x00007ffb7c6a0000 - 0x00007ffb7c722000 	C:\Windows\System32\bcryptPrimitives.dll
0x00007ffb7ee20000 - 0x00007ffb7ee4e000 	C:\Windows\System32\IMM32.DLL
0x00007ffb56680000 - 0x00007ffb5668c000 	C:\Program Files\Android\Android Studio\jbr\bin\vcruntime140_1.dll
0x00007ffb18e20000 - 0x00007ffb18ead000 	C:\Program Files\Android\Android Studio\jbr\bin\msvcp140.dll
0x00007ffb223a0000 - 0x00007ffb23020000 	C:\Program Files\Android\Android Studio\jbr\bin\server\jvm.dll
0x00007ffb7ebc0000 - 0x00007ffb7ec68000 	C:\Windows\System32\ADVAPI32.dll
0x00007ffb7f320000 - 0x00007ffb7f3c2000 	C:\Windows\System32\sechost.dll
0x00007ffb7bb50000 - 0x00007ffb7bb76000 	C:\Windows\System32\bcrypt.dll
0x00007ffb67230000 - 0x00007ffb67239000 	C:\Windows\SYSTEM32\WSOCK32.dll
0x00007ffb79ae0000 - 0x00007ffb79b04000 	C:\Windows\SYSTEM32\WINMM.dll
0x00007ffb74420000 - 0x00007ffb7442a000 	C:\Windows\SYSTEM32\VERSION.dll
0x00007ffb7f2b0000 - 0x00007ffb7f31d000 	C:\Windows\System32\WS2_32.dll
0x00007ffb79ab0000 - 0x00007ffb79add000 	C:\Windows\SYSTEM32\winmmbase.dll
0x00007ffb7bb00000 - 0x00007ffb7bb4a000 	C:\Windows\System32\cfgmgr32.dll
0x00007ffb7bac0000 - 0x00007ffb7bad1000 	C:\Windows\System32\kernel.appcore.dll
0x00007ffb768f0000 - 0x00007ffb768fa000 	C:\Program Files\Android\Android Studio\jbr\bin\jimage.dll
0x00007ffb67f00000 - 0x00007ffb680ed000 	C:\Windows\SYSTEM32\DBGHELP.DLL
0x00007ffb66c40000 - 0x00007ffb66c6a000 	C:\Windows\SYSTEM32\dbgcore.DLL
0x00007ffb6b200000 - 0x00007ffb6b20e000 	C:\Program Files\Android\Android Studio\jbr\bin\instrument.dll
0x00007ffb74640000 - 0x00007ffb74665000 	C:\Program Files\Android\Android Studio\jbr\bin\java.dll
0x00007ffb76160000 - 0x00007ffb76178000 	C:\Program Files\Android\Android Studio\jbr\bin\zip.dll
0x00007ffb7d560000 - 0x00007ffb7ea58000 	C:\Windows\System32\SHELL32.dll
0x00007ffb7f850000 - 0x00007ffb7f8f7000 	C:\Windows\System32\shcore.dll
0x00007ffb7bc20000 - 0x00007ffb7c367000 	C:\Windows\System32\windows.storage.dll
0x00007ffb7ba30000 - 0x00007ffb7ba53000 	C:\Windows\System32\profapi.dll
0x00007ffb7ba60000 - 0x00007ffb7babd000 	C:\Windows\System32\powrprof.dll
0x00007ffb7ed10000 - 0x00007ffb7ed62000 	C:\Windows\System32\shlwapi.dll
0x00007ffb7cbd0000 - 0x00007ffb7cbeb000 	C:\Windows\System32\cryptsp.dll
0x00007ffb75100000 - 0x00007ffb75119000 	C:\Program Files\Android\Android Studio\jbr\bin\net.dll
0x00007ffb75460000 - 0x00007ffb7555d000 	C:\Windows\SYSTEM32\WINHTTP.dll
0x00007ffb7b280000 - 0x00007ffb7b2e7000 	C:\Windows\system32\mswsock.dll
0x00007ffb47320000 - 0x00007ffb47336000 	C:\Program Files\Android\Android Studio\jbr\bin\nio.dll
0x00007ffb74630000 - 0x00007ffb74640000 	C:\Program Files\Android\Android Studio\jbr\bin\verify.dll
0x00007ffb441a0000 - 0x00007ffb441c7000 	C:\Users\android_studio\.gradle\native\68d5fa5c4cc2d200863cafc0d521ce42e7d3e7ee720ec0a83991735586a16f82\windows-amd64\native-platform.dll
0x00007ffb18cd0000 - 0x00007ffb18e14000 	C:\Users\android_studio\.gradle\native\e376f236ea51e6404a007f0833ffe2c6e607c4080706a723a18a27aeea778392\windows-amd64\native-platform-file-events.dll
0x00007ffb740a0000 - 0x00007ffb740a9000 	C:\Program Files\Android\Android Studio\jbr\bin\management.dll
0x00007ffb720c0000 - 0x00007ffb720cb000 	C:\Program Files\Android\Android Studio\jbr\bin\management_ext.dll
0x00007ffb7cd70000 - 0x00007ffb7cd78000 	C:\Windows\System32\PSAPI.DLL
0x00007ffb7ad90000 - 0x00007ffb7adc3000 	C:\Windows\system32\rsaenh.dll
0x00007ffb7b960000 - 0x00007ffb7b989000 	C:\Windows\SYSTEM32\USERENV.dll
0x00007ffb7b450000 - 0x00007ffb7b45c000 	C:\Windows\SYSTEM32\CRYPTBASE.dll
0x00007ffb7af20000 - 0x00007ffb7af5d000 	C:\Windows\SYSTEM32\IPHLPAPI.DLL
0x00007ffb7cd80000 - 0x00007ffb7cd88000 	C:\Windows\System32\NSI.dll
0x00007ffb76fc0000 - 0x00007ffb76fd6000 	C:\Windows\SYSTEM32\dhcpcsvc6.DLL
0x00007ffb76fa0000 - 0x00007ffb76fbc000 	C:\Windows\SYSTEM32\dhcpcsvc.DLL
0x00007ffb7afb0000 - 0x00007ffb7b076000 	C:\Windows\SYSTEM32\DNSAPI.dll
0x00007ffb746f0000 - 0x00007ffb746f7000 	C:\Windows\system32\wshunix.dll
0x00007ffb6b880000 - 0x00007ffb6b896000 	C:\Windows\system32\napinsp.dll
0x00007ffb6b8c0000 - 0x00007ffb6b8da000 	C:\Windows\system32\pnrpnsp.dll
0x00007ffb6ce20000 - 0x00007ffb6ce2e000 	C:\Windows\System32\winrnr.dll
0x00007ffb74e50000 - 0x00007ffb74e6b000 	C:\Windows\system32\NLAapi.dll
0x00007ffb6bd30000 - 0x00007ffb6bd45000 	C:\Windows\system32\wshbth.dll
0x00007ffb73620000 - 0x00007ffb7362a000 	C:\Windows\System32\rasadhlp.dll
0x00007ffb772d0000 - 0x00007ffb77349000 	C:\Windows\System32\fwpuclnt.dll
0x00007ffb24960000 - 0x00007ffb2497e000 	C:\Users\android_studio\AppData\Local\Temp\native-platform9092001160428726258dir\native-platform.dll
0x00007ffb4f1d0000 - 0x00007ffb4f1d7000 	C:\Program Files\Android\Android Studio\jbr\bin\rmi.dll

dbghelp: loaded successfully - version: 4.0.5 - missing functions: none
symbol engine: initialized successfully - sym options: 0x614 - pdb path: .;C:\Program Files\Android\Android Studio\jbr\bin;C:\Windows\SYSTEM32;C:\Windows\WinSxS\amd64_microsoft.windows.common-controls_6595b64144ccf1df_6.0.17763.5696_none_de7663245346b1ca;C:\Program Files\Android\Android Studio\jbr\bin\server;C:\Users\android_studio\.gradle\native\68d5fa5c4cc2d200863cafc0d521ce42e7d3e7ee720ec0a83991735586a16f82\windows-amd64;C:\Users\android_studio\.gradle\native\e376f236ea51e6404a007f0833ffe2c6e607c4080706a723a18a27aeea778392\windows-amd64;C:\Users\android_studio\AppData\Local\Temp\native-platform9092001160428726258dir

VM Arguments:
jvm_args: --add-opens=java.base/java.util=ALL-UNNAMED --add-opens=java.base/java.lang=ALL-UNNAMED --add-opens=java.base/java.lang.invoke=ALL-UNNAMED --add-opens=java.prefs/java.util.prefs=ALL-UNNAMED --add-opens=java.base/java.nio.charset=ALL-UNNAMED --add-opens=java.base/java.net=ALL-UNNAMED --add-opens=java.base/java.util.concurrent.atomic=ALL-UNNAMED -Xmx2048m -Dfile.encoding=UTF-8 -Duser.country=RU -Duser.language=ru -Duser.variant -javaagent:C:\Users\android_studio\.gradle\wrapper\dists\gradle-8.2-bin\bbg7u40eoinfdyxsxr3z4i7ta\gradle-8.2\lib\agents\gradle-instrumentation-agent-8.2.jar 
java_command: org.gradle.launcher.daemon.bootstrap.GradleDaemon 8.2
java_class_path (initial): C:\Users\android_studio\.gradle\wrapper\dists\gradle-8.2-bin\bbg7u40eoinfdyxsxr3z4i7ta\gradle-8.2\lib\gradle-launcher-8.2.jar
Launcher Type: SUN_STANDARD

[Global flags]
     intx CICompilerCount                          = 4                                         {product} {ergonomic}
     uint ConcGCThreads                            = 2                                         {product} {ergonomic}
     uint G1ConcRefinementThreads                  = 8                                         {product} {ergonomic}
   size_t G1HeapRegionSize                         = 1048576                                   {product} {ergonomic}
    uintx GCDrainStackTargetSize                   = 64                                        {product} {ergonomic}
   size_t InitialHeapSize                          = 266338304                                 {product} {ergonomic}
   size_t MarkStackSize                            = 4194304                                   {product} {ergonomic}
   size_t MaxHeapSize                              = 2147483648                                {product} {command line}
   size_t MaxNewSize                               = 1287651328                                {product} {ergonomic}
   size_t MinHeapDeltaBytes                        = 1048576                                   {product} {ergonomic}
   size_t MinHeapSize                              = 8388608                                   {product} {ergonomic}
    uintx NonNMethodCodeHeapSize                   = 5839372                                {pd product} {ergonomic}
    uintx NonProfiledCodeHeapSize                  = 122909434                              {pd product} {ergonomic}
    uintx ProfiledCodeHeapSize                     = 122909434                              {pd product} {ergonomic}
    uintx ReservedCodeCacheSize                    = 251658240                              {pd product} {ergonomic}
     bool SegmentedCodeCache                       = true                                      {product} {ergonomic}
   size_t SoftMaxHeapSize                          = 2147483648                             {manageable} {ergonomic}
     bool UseCompressedClassPointers               = true                           {product lp64_product} {ergonomic}
     bool UseCompressedOops                        = true                           {product lp64_product} {ergonomic}
     bool UseG1GC                                  = true                                      {product} {ergonomic}
     bool UseLargePagesIndividualAllocation        = false                                  {pd product} {ergonomic}

Logging:
Log output configuration:
 #0: stdout all=warning uptime,level,tags
 #1: stderr all=off uptime,level,tags

Environment Variables:
JAVA_HOME=C:\Program Files\Android\Jdk\microsoft_dist_openjdk_1.8.0.25
PATH=C:\Program Files\Python311\Scripts\;C:\Program Files\Python311\;C:\Program Files\Common Files\Oracle\Java\javapath;C:\Program Files (x86)\Python38\Scripts\;C:\Program Files (x86)\Python38\;C:\Program Files\Microsoft MPI\Bin\;C:\Windows\system32;C:\Windows;C:\Windows\System32\Wbem;C:\Windows\System32\WindowsPowerShell\v1.0\;C:\Windows\System32\OpenSSH\;C:\Program Files (x86)\Microsoft SQL Server\150\DTS\Binn\;C:\Program Files\dotnet\;C:\Program Files\Microsoft SQL Server\130\Tools\Binn\;C:\Program Files (x86)\Microsoft SQL Server\140\Tools\Binn\;C:\Program Files\Microsoft SQL Server\140\Tools\Binn\;C:\Program Files (x86)\Microsoft SQL Server\140\DTS\Binn\;C:\Program Files\Microsoft SQL Server\140\DTS\Binn\;C:\Program Files\Microsoft SQL Server\Client SDK\ODBC\130\Tools\Binn\;C:\Program Files\Microsoft SQL Server\Client SDK\ODBC\170\Tools\Binn\;C:\Program Files (x86)\IncrediBuild;C:\Program Files (x86)\NVIDIA Corporation\PhysX\Common;C:\Program Files\Git\cmd;C:\Program Files\Azure Data Studio\bin;C:\Program Files\Microsoft VS Code\bin;C:\Program Files (x86)\Kaspersky Lab\KES.12.2.0\;C:\Users\android_studio\AppData\Local\Microsoft\WindowsApps;
USERNAME=android_studio
OS=Windows_NT
PROCESSOR_IDENTIFIER=Intel64 Family 6 Model 158 Stepping 13, GenuineIntel
TMP=C:\Users\android_studio\AppData\Local\Temp
TEMP=C:\Users\android_studio\AppData\Local\Temp


JNI global refs:
JNI global refs: 31, weak refs: 7

JNI global refs memory usage: 843, weak refs: 841

OOME stack traces (most recent first):
Classloader memory used:
Loader org.gradle.internal.classloader.VisitableURLClassLoader$InstrumentingVisitableURLClassLoader: 5489K
Loader org.gradle.internal.classloader.VisitableURLClassLoader                         : 5129K
Loader bootstrap                                                                       : 3374K
Loader org.gradle.initialization.MixInLegacyTypesClassLoader                           : 1330K
Loader jdk.internal.reflect.DelegatingClassLoader                                      : 159K
Loader jdk.internal.loader.ClassLoaders$PlatformClassLoader                            : 68217B
Loader jdk.internal.loader.ClassLoaders$AppClassLoader                                 : 28457B
Loader org.gradle.groovy.scripts.internal.DefaultScriptCompilationHandler$ScriptClassLoader: 3067B
Loader org.codehaus.groovy.runtime.callsite.CallSiteClassLoader                        : 802B
Loader sun.reflect.misc.MethodUtil                                                     : 373B


[error occurred during error reporting (Classloader stats), id 0xe0000001, Out of Memory Error (s\src\hotspot\share\memory\arena.cpp:78)]


---------------  S Y S T E M  ---------------

OS:
 Windows 10 , 64 bit Build 17763 (10.0.17763.4974)
OS uptime: 0 days 3:01 hours

CPU: total 8 (initial active 8) (8 cores per cpu, 1 threads per core) family 6 model 158 stepping 13 microcode 0xde, cx8, cmov, fxsr, mmx, 3dnowpref, sse, sse2, sse3, ssse3, sse4.1, sse4.2, popcnt, lzcnt, tsc, tscinvbit, avx, avx2, aes, erms, clmul, bmi1, bmi2, adx, fma, vzeroupper, clflush, clflushopt

Memory: 4k page, system-wide physical 16231M (2964M free)
TotalPageFile size 16231M (AvailPageFile size 4M)
current process WorkingSet (physical memory assigned to process): 545M, peak: 581M
current process commit charge ("private bytes"): 583M, peak: 616M

vm_info: OpenJDK 64-Bit Server VM (17.0.7+0-b2043.56-10550314) for windows-amd64 JRE (17.0.7+0-b2043.56-10550314), built on Jul 24 2023 18:27:45 by "androidbuild" with MS VC++ 16.10 / 16.11 (VS2019)

END.
